muX -1550
muC -750
epsilon_X 1000
epsilon_C 1000
sigma_X 1.0
sigma_C 1.0
cutoff 5.0
T 250
modelX_path /scratch/fb590/co2-n2/models/c1_X.keras
modelC_path /scratch/fb590/co2-n2/models/c1_C.keras
dx 0.02
zmin 0.0
zmax 30.0
num_bins 1501
H 10
vacuum 10
box_size 30
initial_guess 0.01

xbins rho_X rho_C
0.0000 0.00000000000000000000 0.00000000000000000000
0.0200 0.00000000000000000000 0.00000000000000000000
0.0400 0.00000000000000000000 0.00000000000000000000
0.0600 0.00000000000000000000 0.00000000000000000000
0.0800 0.00000000000000000000 0.00000000000000000000
0.1000 0.00000000000000000000 0.00000000000000000000
0.1200 0.00000000000000000000 0.00000000000000000000
0.1400 0.00000000000000000000 0.00000000000000000000
0.1600 0.00000000000000000000 0.00000000000000000000
0.1800 0.00000000000000000000 0.00000000000000000000
0.2000 0.00000000000000000000 0.00000000000000000000
0.2200 0.00000000000000000000 0.00000000000000000000
0.2400 0.00000000000000000000 0.00000000000000000000
0.2600 0.00000000000000000000 0.00000000000000000000
0.2800 0.00000000000000000000 0.00000000000000000000
0.3000 0.00000000000000000000 0.00000000000000000000
0.3200 0.00000000000000000000 0.00000000000000000000
0.3400 0.00000000000000000000 0.00000000000000000000
0.3600 0.00000000000000000000 0.00000000000000000000
0.3800 0.00000000000000000000 0.00000000000000000000
0.4000 0.00000000000000000000 0.00000000000000000000
0.4200 0.00000000000000000000 0.00000000000000000000
0.4400 0.00000000000000000000 0.00000000000000000000
0.4600 0.00000000000000000000 0.00000000000000000000
0.4800 0.00000000000000000000 0.00000000000000000000
0.5000 0.00000000000000000000 0.00000000000000000000
0.5200 0.00000000000000000000 0.00000000000000000000
0.5400 0.00000000000000000000 0.00000000000000000000
0.5600 0.00000000000000000000 0.00000000000000000000
0.5800 0.00000000000000000000 0.00000000000000000000
0.6000 0.00000000000000000000 0.00000000000000000000
0.6200 0.00000000000000000000 0.00000000000000000000
0.6400 0.00000000000000000000 0.00000000000000000000
0.6600 0.00000000000000000000 0.00000000000000000000
0.6800 0.00000000000000000000 0.00000000000000000000
0.7000 0.00000000000000000000 0.00000000000000000000
0.7200 0.00000000000000000000 0.00000000000000000000
0.7400 0.00000000000000000000 0.00000000000000000000
0.7600 0.00000000000000000000 0.00000000000000000000
0.7800 0.00000000000000000000 0.00000000000000000000
0.8000 0.00000000000000000000 0.00000000000000000000
0.8200 0.00000000000000000000 0.00000000000000000000
0.8400 0.00000000000000000000 0.00000000000000000000
0.8600 0.00000000000000000000 0.00000000000000000000
0.8800 0.00000000000000000000 0.00000000000000000000
0.9000 0.00000000000000000000 0.00000000000000000000
0.9200 0.00000000000000000000 0.00000000000000000000
0.9400 0.00000000000000000000 0.00000000000000000000
0.9600 0.00000000000000000000 0.00000000000000000000
0.9800 0.00000000000000000000 0.00000000000000000000
1.0000 0.00000000000000000000 0.00000000000000000000
1.0200 0.00000000000000000000 0.00000000000000000000
1.0400 0.00000000000000000000 0.00000000000000000000
1.0600 0.00000000000000000000 0.00000000000000000000
1.0800 0.00000000000000000000 0.00000000000000000000
1.1000 0.00000000000000000000 0.00000000000000000000
1.1200 0.00000000000000000000 0.00000000000000000000
1.1400 0.00000000000000000000 0.00000000000000000000
1.1600 0.00000000000000000000 0.00000000000000000000
1.1800 0.00000000000000000000 0.00000000000000000000
1.2000 0.00000000000000000000 0.00000000000000000000
1.2200 0.00000000000000000000 0.00000000000000000000
1.2400 0.00000000000000000000 0.00000000000000000000
1.2600 0.00000000000000000000 0.00000000000000000000
1.2800 0.00000000000000000000 0.00000000000000000000
1.3000 0.00000000000000000000 0.00000000000000000000
1.3200 0.00000000000000000000 0.00000000000000000000
1.3400 0.00000000000000000000 0.00000000000000000000
1.3600 0.00000000000000000000 0.00000000000000000000
1.3800 0.00000000000000000000 0.00000000000000000000
1.4000 0.00000000000000000000 0.00000000000000000000
1.4200 0.00000000000000000000 0.00000000000000000000
1.4400 0.00000000000000000000 0.00000000000000000000
1.4600 0.00000000000000000000 0.00000000000000000000
1.4800 0.00000000000000000000 0.00000000000000000000
1.5000 0.00000000000000000000 0.00000000000000000000
1.5200 0.00000000000000000000 0.00000000000000000000
1.5400 0.00000000000000000000 0.00000000000000000000
1.5600 0.00000000000000000000 0.00000000000000000000
1.5800 0.00000000000000000000 0.00000000000000000000
1.6000 0.00000000000000000000 0.00000000000000000000
1.6200 0.00000000000000000000 0.00000000000000000000
1.6400 0.00000000000000000000 0.00000000000000000000
1.6600 0.00000000000000000000 0.00000000000000000000
1.6800 0.00000000000000000000 0.00000000000000000000
1.7000 0.00000000000000000000 0.00000000000000000000
1.7200 0.00000000000000000000 0.00000000000000000000
1.7400 0.00000000000000000000 0.00000000000000000000
1.7600 0.00000000000000000000 0.00000000000000000000
1.7800 0.00000000000000000000 0.00000000000000000000
1.8000 0.00000000000000000000 0.00000000000000000000
1.8200 0.00000000000000000000 0.00000000000000000000
1.8400 0.00000000000000000000 0.00000000000000000000
1.8600 0.00000000000000000000 0.00000000000000000000
1.8800 0.00000000000000000000 0.00000000000000000000
1.9000 0.00000000000000000000 0.00000000000000000000
1.9200 0.00000000000000000000 0.00000000000000000000
1.9400 0.00000000000000000000 0.00000000000000000000
1.9600 0.00000000000000000000 0.00000000000000000000
1.9800 0.00000000000000000000 0.00000000000000000000
2.0000 0.00000000000000000000 0.00000000000000000000
2.0200 0.00000000000000000000 0.00000000000000000000
2.0400 0.00000000000000000000 0.00000000000000000000
2.0600 0.00000000000000000000 0.00000000000000000000
2.0800 0.00000000000000000000 0.00000000000000000000
2.1000 0.00000000000000000000 0.00000000000000000000
2.1200 0.00000000000000000000 0.00000000000000000000
2.1400 0.00000000000000000000 0.00000000000000000000
2.1600 0.00000000000000000000 0.00000000000000000000
2.1800 0.00000000000000000000 0.00000000000000000000
2.2000 0.00000000000000000000 0.00000000000000000000
2.2200 0.00000000000000000000 0.00000000000000000000
2.2400 0.00000000000000000000 0.00000000000000000000
2.2600 0.00000000000000000000 0.00000000000000000000
2.2800 0.00000000000000000000 0.00000000000000000000
2.3000 0.00000000000000000000 0.00000000000000000000
2.3200 0.00000000000000000000 0.00000000000000000000
2.3400 0.00000000000000000000 0.00000000000000000000
2.3600 0.00000000000000000000 0.00000000000000000000
2.3800 0.00000000000000000000 0.00000000000000000000
2.4000 0.00000000000000000000 0.00000000000000000000
2.4200 0.00000000000000000000 0.00000000000000000000
2.4400 0.00000000000000000000 0.00000000000000000000
2.4600 0.00000000000000000000 0.00000000000000000000
2.4800 0.00000000000000000000 0.00000000000000000000
2.5000 0.00000000000000000000 0.00000000000000000000
2.5200 0.00000000000000000000 0.00000000000000000000
2.5400 0.00000000000000000000 0.00000000000000000000
2.5600 0.00000000000000000000 0.00000000000000000000
2.5800 0.00000000000000000000 0.00000000000000000000
2.6000 0.00000000000000000000 0.00000000000000000000
2.6200 0.00000000000000000000 0.00000000000000000000
2.6400 0.00000000000000000000 0.00000000000000000000
2.6600 0.00000000000000000000 0.00000000000000000000
2.6800 0.00000000000000000000 0.00000000000000000000
2.7000 0.00000000000000000000 0.00000000000000000000
2.7200 0.00000000000000000000 0.00000000000000000000
2.7400 0.00000000000000000000 0.00000000000000000000
2.7600 0.00000000000000000000 0.00000000000000000000
2.7800 0.00000000000000000000 0.00000000000000000000
2.8000 0.00000000000000000000 0.00000000000000000000
2.8200 0.00000000000000000000 0.00000000000000000000
2.8400 0.00000000000000000000 0.00000000000000000000
2.8600 0.00000000000000000000 0.00000000000000000000
2.8800 0.00000000000000000000 0.00000000000000000000
2.9000 0.00000000000000000000 0.00000000000000000000
2.9200 0.00000000000000000000 0.00000000000000000000
2.9400 0.00000000000000000000 0.00000000000000000000
2.9600 0.00000000000000000000 0.00000000000000000000
2.9800 0.00000000000000000000 0.00000000000000000000
3.0000 0.00000000000000000000 0.00000000000000000000
3.0200 0.00000000000000000000 0.00000000000000000000
3.0400 0.00000000000000000000 0.00000000000000000000
3.0600 0.00000000000000000000 0.00000000000000000000
3.0800 0.00000000000000000000 0.00000000000000000000
3.1000 0.00000000000000000000 0.00000000000000000000
3.1200 0.00000000000000000000 0.00000000000000000000
3.1400 0.00000000000000000000 0.00000000000000000000
3.1600 0.00000000000000000000 0.00000000000000000000
3.1800 0.00000000000000000000 0.00000000000000000000
3.2000 0.00000000000000000000 0.00000000000000000000
3.2200 0.00000000000000000000 0.00000000000000000000
3.2400 0.00000000000000000000 0.00000000000000000000
3.2600 0.00000000000000000000 0.00000000000000000000
3.2800 0.00000000000000000000 0.00000000000000000000
3.3000 0.00000000000000000000 0.00000000000000000000
3.3200 0.00000000000000000000 0.00000000000000000000
3.3400 0.00000000000000000000 0.00000000000000000000
3.3600 0.00000000000000000000 0.00000000000000000000
3.3800 0.00000000000000000000 0.00000000000000000000
3.4000 0.00000000000000000000 0.00000000000000000000
3.4200 0.00000000000000000000 0.00000000000000000000
3.4400 0.00000000000000000000 0.00000000000000000000
3.4600 0.00000000000000000000 0.00000000000000000000
3.4800 0.00000000000000000000 0.00000000000000000000
3.5000 0.00000000000000000000 0.00000000000000000000
3.5200 0.00000000000000000000 0.00000000000000000000
3.5400 0.00000000000000000000 0.00000000000000000000
3.5600 0.00000000000000000000 0.00000000000000000000
3.5800 0.00000000000000000000 0.00000000000000000000
3.6000 0.00000000000000000000 0.00000000000000000000
3.6200 0.00000000000000000000 0.00000000000000000000
3.6400 0.00000000000000000000 0.00000000000000000000
3.6600 0.00000000000000000000 0.00000000000000000000
3.6800 0.00000000000000000000 0.00000000000000000000
3.7000 0.00000000000000000000 0.00000000000000000000
3.7200 0.00000000000000000000 0.00000000000000000000
3.7400 0.00000000000000000000 0.00000000000000000000
3.7600 0.00000000000000000000 0.00000000000000000000
3.7800 0.00000000000000000000 0.00000000000000000000
3.8000 0.00000000000000000000 0.00000000000000000000
3.8200 0.00000000000000000000 0.00000000000000000000
3.8400 0.00000000000000000000 0.00000000000000000000
3.8600 0.00000000000000000000 0.00000000000000000000
3.8800 0.00000000000000000000 0.00000000000000000000
3.9000 0.00000000000000000000 0.00000000000000000000
3.9200 0.00000000000000000000 0.00000000000000000000
3.9400 0.00000000000000000000 0.00000000000000000000
3.9600 0.00000000000000000000 0.00000000000000000000
3.9800 0.00000000000000000000 0.00000000000000000000
4.0000 0.00000000000000000000 0.00000000000000000000
4.0200 0.00000000000000000000 0.00000000000000000000
4.0400 0.00000000000000000000 0.00000000000000000000
4.0600 0.00000000000000000000 0.00000000000000000000
4.0800 0.00000000000000000000 0.00000000000000000000
4.1000 0.00000000000000000000 0.00000000000000000000
4.1200 0.00000000000000000000 0.00000000000000000000
4.1400 0.00000000000000000000 0.00000000000000000000
4.1600 0.00000000000000000000 0.00000000000000000000
4.1800 0.00000000000000000000 0.00000000000000000000
4.2000 0.00000000000000000000 0.00000000000000000000
4.2200 0.00000000000000000000 0.00000000000000000000
4.2400 0.00000000000000000000 0.00000000000000000000
4.2600 0.00000000000000000000 0.00000000000000000000
4.2800 0.00000000000000000000 0.00000000000000000000
4.3000 0.00000000000000000000 0.00000000000000000000
4.3200 0.00000000000000000000 0.00000000000000000000
4.3400 0.00000000000000000000 0.00000000000000000000
4.3600 0.00000000000000000000 0.00000000000000000000
4.3800 0.00000000000000000000 0.00000000000000000000
4.4000 0.00000000000000000000 0.00000000000000000000
4.4200 0.00000000000000000000 0.00000000000000000000
4.4400 0.00000000000000000000 0.00000000000000000000
4.4600 0.00000000000000000000 0.00000000000000000000
4.4800 0.00000000000000000000 0.00000000000000000000
4.5000 0.00000000000000000000 0.00000000000000000000
4.5200 0.00000000000000000000 0.00000000000000000000
4.5400 0.00000000000000000000 0.00000000000000000000
4.5600 0.00000000000000000000 0.00000000000000000000
4.5800 0.00000000000000000000 0.00000000000000000000
4.6000 0.00000000000000000000 0.00000000000000000000
4.6200 0.00000000000000000000 0.00000000000000000000
4.6400 0.00000000000000000000 0.00000000000000000000
4.6600 0.00000000000000000000 0.00000000000000000000
4.6800 0.00000000000000000000 0.00000000000000000000
4.7000 0.00000000000000000000 0.00000000000000000000
4.7200 0.00000000000000000000 0.00000000000000000000
4.7400 0.00000000000000000000 0.00000000000000000000
4.7600 0.00000000000000000000 0.00000000000000000000
4.7800 0.00000000000000000000 0.00000000000000000000
4.8000 0.00000000000000000000 0.00000000000000000000
4.8200 0.00000000000000000000 0.00000000000000000000
4.8400 0.00000000000000000000 0.00000000000000000000
4.8600 0.00000000000000000000 0.00000000000000000000
4.8800 0.00000000000000000000 0.00000000000000000000
4.9000 0.00000000000000000000 0.00000000000000000000
4.9200 0.00000000000000000000 0.00000000000000000000
4.9400 0.00000000000000000000 0.00000000000000000000
4.9600 0.00000000000000000000 0.00000000000000000000
4.9800 0.00000000000000000000 0.00000000000000000000
5.0000 0.00000000000000000000 0.00000000000000000000
5.0200 0.00000000000000000000 0.00000000000000000000
5.0400 0.00000000000000000000 0.00000000000000000000
5.0600 0.00000000000000000000 0.00000000000000000000
5.0800 0.00000000000000000000 0.00000000000000000000
5.1000 0.00000000000000000000 0.00000000000000000000
5.1200 0.00000000000000000000 0.00000000000000000000
5.1400 0.00000000000000000000 0.00000000000000000000
5.1600 0.00000000000000000000 0.00000000000000000000
5.1800 0.00000000000000000000 0.00000000000000000000
5.2000 0.00000000000000000000 0.00000000000000000000
5.2200 0.00000000000000000000 0.00000000000000000000
5.2400 0.00000000000000000000 0.00000000000000000000
5.2600 0.00000000000000000000 0.00000000000000000000
5.2800 0.00000000000000000000 0.00000000000000000000
5.3000 0.00000000000000000000 0.00000000000000000000
5.3200 0.00000000000000000000 0.00000000000000000000
5.3400 0.00000000000000000000 0.00000000000000000000
5.3600 0.00000000000000000000 0.00000000000000000000
5.3800 0.00000000000000000000 0.00000000000000000000
5.4000 0.00000000000000000000 0.00000000000000000000
5.4200 0.00000000000000000000 0.00000000000000000000
5.4400 0.00000000000000000000 0.00000000000000000000
5.4600 0.00000000000000000000 0.00000000000000000000
5.4800 0.00000000000000000000 0.00000000000000000000
5.5000 0.00000000000000000000 0.00000000000000000000
5.5200 0.00000000000000000000 0.00000000000000000000
5.5400 0.00000000000000000000 0.00000000000000000000
5.5600 0.00000000000000000000 0.00000000000000000000
5.5800 0.00000000000000000000 0.00000000000000000000
5.6000 0.00000000000000000000 0.00000000000000000000
5.6200 0.00000000000000000000 0.00000000000000000000
5.6400 0.00000000000000000000 0.00000000000000000000
5.6600 0.00000000000000000000 0.00000000000000000000
5.6800 0.00000000000000000000 0.00000000000000000000
5.7000 0.00000000000000000000 0.00000000000000000000
5.7200 0.00000000000000000000 0.00000000000000000000
5.7400 0.00000000000000000000 0.00000000000000000000
5.7600 0.00000000000000000000 0.00000000000000000000
5.7800 0.00000000000000000000 0.00000000000000000000
5.8000 0.00000000000000000000 0.00000000000000000000
5.8200 0.00000000000000000000 0.00000000000000000000
5.8400 0.00000000000000000000 0.00000000000000000000
5.8600 0.00000000000000000000 0.00000000000000000000
5.8800 0.00000000000000000000 0.00000000000000000000
5.9000 0.00000000000000000000 0.00000000000000000000
5.9200 0.00000000000000000000 0.00000000000000000000
5.9400 0.00000000000000000000 0.00000000000000000000
5.9600 0.00000000000000000000 0.00000000000000000000
5.9800 0.00000000000000000000 0.00000000000000000000
6.0000 0.00000000000000000000 0.00000000000000000000
6.0200 0.00000000000000000000 0.00000000000000000000
6.0400 0.00000000000000000000 0.00000000000000000000
6.0600 0.00000000000000000000 0.00000000000000000000
6.0800 0.00000000000000000000 0.00000000000000000000
6.1000 0.00000000000000000000 0.00000000000000000000
6.1200 0.00000000000000000000 0.00000000000000000000
6.1400 0.00000000000000000000 0.00000000000000000000
6.1600 0.00000000000000000000 0.00000000000000000000
6.1800 0.00000000000000000000 0.00000000000000000000
6.2000 0.00000000000000000000 0.00000000000000000000
6.2200 0.00000000000000000000 0.00000000000000000000
6.2400 0.00000000000000000000 0.00000000000000000000
6.2600 0.00000000000000000000 0.00000000000000000000
6.2800 0.00000000000000000000 0.00000000000000000000
6.3000 0.00000000000000000000 0.00000000000000000000
6.3200 0.00000000000000000000 0.00000000000000000000
6.3400 0.00000000000000000000 0.00000000000000000000
6.3600 0.00000000000000000000 0.00000000000000000000
6.3800 0.00000000000000000000 0.00000000000000000000
6.4000 0.00000000000000000000 0.00000000000000000000
6.4200 0.00000000000000000000 0.00000000000000000000
6.4400 0.00000000000000000000 0.00000000000000000000
6.4600 0.00000000000000000000 0.00000000000000000000
6.4800 0.00000000000000000000 0.00000000000000000000
6.5000 0.00000000000000000000 0.00000000000000000000
6.5200 0.00000000000000000000 0.00000000000000000000
6.5400 0.00000000000000000000 0.00000000000000000000
6.5600 0.00000000000000000000 0.00000000000000000000
6.5800 0.00000000000000000000 0.00000000000000000000
6.6000 0.00000000000000000000 0.00000000000000000000
6.6200 0.00000000000000000000 0.00000000000000000000
6.6400 0.00000000000000000000 0.00000000000000000000
6.6600 0.00000000000000000000 0.00000000000000000000
6.6800 0.00000000000000000000 0.00000000000000000000
6.7000 0.00000000000000000000 0.00000000000000000000
6.7200 0.00000000000000000000 0.00000000000000000000
6.7400 0.00000000000000000000 0.00000000000000000000
6.7600 0.00000000000000000000 0.00000000000000000000
6.7800 0.00000000000000000000 0.00000000000000000000
6.8000 0.00000000000000000000 0.00000000000000000000
6.8200 0.00000000000000000000 0.00000000000000000000
6.8400 0.00000000000000000000 0.00000000000000000000
6.8600 0.00000000000000000000 0.00000000000000000000
6.8800 0.00000000000000000000 0.00000000000000000000
6.9000 0.00000000000000000000 0.00000000000000000000
6.9200 0.00000000000000000000 0.00000000000000000000
6.9400 0.00000000000000000000 0.00000000000000000000
6.9600 0.00000000000000000000 0.00000000000000000000
6.9800 0.00000000000000000000 0.00000000000000000000
7.0000 0.00000000000000000000 0.00000000000000000000
7.0200 0.00000000000000000000 0.00000000000000000000
7.0400 0.00000000000000000000 0.00000000000000000000
7.0600 0.00000000000000000000 0.00000000000000000000
7.0800 0.00000000000000000000 0.00000000000000000000
7.1000 0.00000000000000000000 0.00000000000000000000
7.1200 0.00000000000000000000 0.00000000000000000000
7.1400 0.00000000000000000000 0.00000000000000000000
7.1600 0.00000000000000000000 0.00000000000000000000
7.1800 0.00000000000000000000 0.00000000000000000000
7.2000 0.00000000000000000000 0.00000000000000000000
7.2200 0.00000000000000000000 0.00000000000000000000
7.2400 0.00000000000000000000 0.00000000000000000000
7.2600 0.00000000000000000000 0.00000000000000000000
7.2800 0.00000000000000000000 0.00000000000000000000
7.3000 0.00000000000000000000 0.00000000000000000000
7.3200 0.00000000000000000000 0.00000000000000000000
7.3400 0.00000000000000000000 0.00000000000000000000
7.3600 0.00000000000000000000 0.00000000000000000000
7.3800 0.00000000000000000000 0.00000000000000000000
7.4000 0.00000000000000000000 0.00000000000000000000
7.4200 0.00000000000000000000 0.00000000000000000000
7.4400 0.00000000000000000000 0.00000000000000000000
7.4600 0.00000000000000000000 0.00000000000000000000
7.4800 0.00000000000000000000 0.00000000000000000000
7.5000 0.00000000000000000000 0.00000000000000000000
7.5200 0.00000000000000000000 0.00000000000000000000
7.5400 0.00000000000000000000 0.00000000000000000000
7.5600 0.00000000000000000000 0.00000000000000000000
7.5800 0.00000000000000000000 0.00000000000000000000
7.6000 0.00000000000000000000 0.00000000000000000000
7.6200 0.00000000000000000000 0.00000000000000000000
7.6400 0.00000000000000000000 0.00000000000000000000
7.6600 0.00000000000000000000 0.00000000000000000000
7.6800 0.00000000000000000000 0.00000000000000000000
7.7000 0.00000000000000000000 0.00000000000000000000
7.7200 0.00000000000000000000 0.00000000000000000000
7.7400 0.00000000000000000000 0.00000000000000000000
7.7600 0.00000000000000000000 0.00000000000000000000
7.7800 0.00000000000000000000 0.00000000000000000000
7.8000 0.00000000000000000000 0.00000000000000000000
7.8200 0.00000000000000000000 0.00000000000000000000
7.8400 0.00000000000000000000 0.00000000000000000000
7.8600 0.00000000000000000000 0.00000000000000000000
7.8800 0.00000000000000000000 0.00000000000000000000
7.9000 0.00000000000000000000 0.00000000000000000000
7.9200 0.00000000000000000000 0.00000000000000000000
7.9400 0.00000000000000000000 0.00000000000000000000
7.9600 0.00000000000000000000 0.00000000000000000000
7.9800 0.00000000000000000000 0.00000000000000000000
8.0000 0.00000000000000000000 0.00000000000000000000
8.0200 0.00000000000000000000 0.00000000000000000000
8.0400 0.00000000000000000000 0.00000000000000000000
8.0600 0.00000000000000000000 0.00000000000000000000
8.0800 0.00000000000000000000 0.00000000000000000000
8.1000 0.00000000000000000000 0.00000000000000000000
8.1200 0.00000000000000000000 0.00000000000000000000
8.1400 0.00000000000000000000 0.00000000000000000000
8.1600 0.00000000000000000000 0.00000000000000000000
8.1800 0.00000000000000000000 0.00000000000000000000
8.2000 0.00000000000000000000 0.00000000000000000000
8.2200 0.00000000000000000000 0.00000000000000000000
8.2400 0.00000000000000000000 0.00000000000000000000
8.2600 0.00000000000000000000 0.00000000000000000000
8.2800 0.00000000000000000000 0.00000000000000000000
8.3000 0.00000000000000000000 0.00000000000000000000
8.3200 0.00000000000000000000 0.00000000000000000000
8.3400 0.00000000000000000000 0.00000000000000000000
8.3600 0.00000000000000000000 0.00000000000000000000
8.3800 0.00000000000000000000 0.00000000000000000000
8.4000 0.00000000000000000000 0.00000000000000000000
8.4200 0.00000000000000000000 0.00000000000000000000
8.4400 0.00000000000000000000 0.00000000000000000000
8.4600 0.00000000000000000000 0.00000000000000000000
8.4800 0.00000000000000000000 0.00000000000000000000
8.5000 0.00000000000000000000 0.00000000000000000000
8.5200 0.00000000000000000000 0.00000000000000000000
8.5400 0.00000000000000000000 0.00000000000000000000
8.5600 0.00000000000000000000 0.00000000000000000000
8.5800 0.00000000000000000000 0.00000000000000000000
8.6000 0.00000000000000000000 0.00000000000000000000
8.6200 0.00000000000000000000 0.00000000000000000000
8.6400 0.00000000000000000000 0.00000000000000000000
8.6600 0.00000000000000000000 0.00000000000000000000
8.6800 0.00000000000000000000 0.00000000000000000000
8.7000 0.00000000000000000000 0.00000000000000000000
8.7200 0.00000000000000000000 0.00000000000000000000
8.7400 0.00000000000000000000 0.00000000000000000000
8.7600 0.00000000000000000000 0.00000000000000000000
8.7800 0.00000000000000000000 0.00000000000000000000
8.8000 0.00000000000000000000 0.00000000000000000000
8.8200 0.00000000000000000000 0.00000000000000000000
8.8400 0.00000000000000000000 0.00000000000000000000
8.8600 0.00000000000000000000 0.00000000000000000000
8.8800 0.00000000000000000000 0.00000000000000000000
8.9000 0.00000000000000000000 0.00000000000000000000
8.9200 0.00000000000000000000 0.00000000000000000000
8.9400 0.00000000000000000000 0.00000000000000000000
8.9600 0.00000000000000000000 0.00000000000000000000
8.9800 0.00000000000000000000 0.00000000000000000000
9.0000 0.00000000000000000000 0.00000000000000000000
9.0200 0.00000000000000000000 0.00000000000000000000
9.0400 0.00000000000000000000 0.00000000000000000000
9.0600 0.00000000000000000000 0.00000000000000000000
9.0800 0.00000000000000000000 0.00000000000000000000
9.1000 0.00000000000000000000 0.00000000000000000000
9.1200 0.00000000000000000000 0.00000000000000000000
9.1400 0.00000000000000000000 0.00000000000000000000
9.1600 0.00000000000000000000 0.00000000000000000000
9.1800 0.00000000000000000000 0.00000000000000000000
9.2000 0.00000000000000000000 0.00000000000000000000
9.2200 0.00000000000000000000 0.00000000000000000000
9.2400 0.00000000000000000000 0.00000000000000000000
9.2600 0.00000000000000000000 0.00000000000000000000
9.2800 0.00000000000000000000 0.00000000000000000000
9.3000 0.00000000000000000000 0.00000000000000000000
9.3200 0.00000000000000000000 0.00000000000000000000
9.3400 0.00000000000000000000 0.00000000000000000000
9.3600 0.00000000000000000000 0.00000000000000000000
9.3800 0.00000000000000000000 0.00000000000000000000
9.4000 0.00000000000000000000 0.00000000000000000000
9.4200 0.00000000000000000000 0.00000000000000000000
9.4400 0.00000000000000000000 0.00000000000000000000
9.4600 0.00000000000000000000 0.00000000000000000000
9.4800 0.00000000000000000000 0.00000000000000000000
9.5000 0.00000000000000000000 0.00000000000000000000
9.5200 0.00000000000000000000 0.00000000000000000000
9.5400 0.00000000000000000000 0.00000000000000000000
9.5600 0.00000000000000000000 0.00000000000000000000
9.5800 0.00000000000000000000 0.00000000000000000000
9.6000 0.00000000000000000000 0.00000000000000000000
9.6200 0.00000000000000000000 0.00000000000000000000
9.6400 0.00000000000000000000 0.00000000000000000000
9.6600 0.00000000000000000000 0.00000000000000000000
9.6800 0.00000000000000000000 0.00000000000000000000
9.7000 0.00000000000000000000 0.00000000000000000000
9.7200 0.00000000000000000000 0.00000000000000000000
9.7400 0.00000000000000000000 0.00000000000000000000
9.7600 0.00000000000000000000 0.00000000000000000000
9.7800 0.00000000000000000000 0.00000000000000000000
9.8000 0.00000000000000000000 0.00000000000000000000
9.8200 0.00000000000000000000 0.00000000000000000000
9.8400 0.00000000000000000000 0.00000000000000000000
9.8600 0.00000000000000000000 0.00000000000000000000
9.8800 0.00000000000000000000 0.00000000000000000000
9.9000 0.00000000000000000000 0.00000000000000000000
9.9200 0.00000000000000000000 0.00000000000000000000
9.9400 0.00000000000000000000 0.00000000000000000000
9.9600 0.00000000000000000000 0.00000000000000000000
9.9800 0.00000000000000000000 0.00000000000000000000
10.0000 0.00000000000000000000 0.00000000000000000000
10.0200 0.00000000000000000000 0.00000000000000000000
10.0400 0.00000000000000000000 0.00000000000000000000
10.0600 0.00000000000000000000 0.00000000000000000000
10.0800 0.00000000000000000000 0.00000000000000000000
10.1000 0.00000000000000000000 0.00000000000000000000
10.1200 0.00000000000000000000 0.00000000000000000000
10.1400 0.00000000000000000000 0.00000000000000000000
10.1600 0.00000000000000000000 0.00000000000000000000
10.1800 0.00000000000000000000 0.00000000000000000000
10.2000 0.00000000000000000000 0.00000000000000000000
10.2200 0.00000000000000000000 0.00000000000000000000
10.2400 0.00000000000000000000 0.00000000000000000000
10.2600 0.00000000000000000000 0.00000000000000000000
10.2800 0.00000000000000000000 0.00000000000000000000
10.3000 0.00000000000000000000 0.00000000000000000000
10.3200 0.00000000000000000000 0.00000000000000000000
10.3400 0.00000000000000000000 0.00000000000000000000
10.3600 0.00000000000000000000 0.00000000000000000000
10.3800 0.00000000000000000000 0.00000000000000000000
10.4000 0.00000000000000000000 0.00000000000000000000
10.4200 0.00000000000000000000 0.00000000000000000000
10.4400 0.00000000000000000000 0.00000000000000000000
10.4600 0.00000000000000000000 0.00000000000000000000
10.4800 0.00000000000000000000 0.00000000000000000000
10.5000 0.00000000000000000000 0.00000000000000000000
10.5200 0.00000000000000000000 0.00000000000000000000
10.5400 0.00000000000000000000 0.00000000000000000000
10.5600 0.00000000000000000000 0.00000000000000000000
10.5800 0.00000000000000000000 0.00000000000000000000
10.6000 0.00000000000000000000 0.00000000000000000000
10.6200 0.00000000000000000000 0.00000000000000000000
10.6400 0.00000000000000000000 0.00000000000000000000
10.6600 0.00000000000000000000 0.00000000000000000000
10.6800 0.00000000000000000000 0.00000000000000000000
10.7000 0.00000000000000000000 0.00000000000000000000
10.7200 0.00000000000000000000 0.00000000000000000000
10.7400 0.00000000000000000000 0.00000000000000000000
10.7600 0.00000000000000000000 0.00000000000000000000
10.7800 0.00000000000000000000 0.00000000000000000000
10.8000 0.00000000000000000000 0.00000000000000000000
10.8200 0.00000000000000016846 0.00000000000000000000
10.8400 0.00000000188984855636 0.00000000000000000000
10.8600 0.00000174015300659809 0.00000000000000000000
10.8800 0.00000000069120241329 0.00000000000000000000
10.9000 0.00000000000000563707 0.00000000000000000000
10.9200 0.00000000000000000001 0.00000000000000000000
10.9400 0.00000000000000000000 0.00000000000000000000
10.9600 0.00000000000000000000 0.00000000000000000000
10.9800 0.00000000000000000000 0.00000000000000000000
11.0000 0.00000000000000000000 0.00000000000000000000
11.0200 0.00000000000000000000 0.00000000000000000000
11.0400 0.00000000000000000000 0.00000000000000000000
11.0600 0.00000000000000000000 0.00000000000000000000
11.0800 0.00000000000000000000 0.00000000000000000000
11.1000 0.00000000000000000000 0.00000000000000000000
11.1200 0.00000000000000000000 0.00000000000000000000
11.1400 0.00000000000000000000 0.00000000000000000000
11.1600 0.00000000000000000000 0.00000000000000000000
11.1800 0.00000000000000000000 0.00000000000000000000
11.2000 0.00000000000000000000 0.00000000000000000000
11.2200 0.00000000000000000000 0.00000000000000000000
11.2400 0.00000000000000000000 0.00000000000000000000
11.2600 0.00000000000000000000 0.00000000000000000000
11.2800 0.00000000000000000000 0.00000000000000000000
11.3000 0.00000000000000000000 0.00000000000000000000
11.3200 0.00000000000000000000 0.00000000000000000000
11.3400 0.00000000000000000000 0.00000000000000000000
11.3600 0.00000000000000000000 0.00000000000000000000
11.3800 0.00000000000000000000 0.00000000000000000000
11.4000 0.00000000000000000000 0.00000000000000000000
11.4200 0.00000000000000000000 0.00000000000000000000
11.4400 0.00000000000000000000 0.00000000000000000000
11.4600 0.00000000000000000000 0.00000000000000000000
11.4800 0.00000000000000000000 0.00000000000000000000
11.5000 0.00000000000000000000 0.00000000000000000000
11.5200 0.00000000000000000000 0.00000000000000000000
11.5400 0.00000000000000000000 0.00000000000000000000
11.5600 0.00000000000000000000 0.00000000000000000000
11.5800 0.00000000000000000000 0.00000000000000000000
11.6000 0.00000000000000000000 0.00000000000000000000
11.6200 0.00000000000000000000 0.00000000000000000000
11.6400 0.00000000000000000000 0.00000000000000000000
11.6600 0.00000000000000000000 0.00000000000000000000
11.6800 0.00000000000000000000 0.00000000000000000000
11.7000 0.00000000000000000000 0.00000000000000000000
11.7200 0.00000000000000000000 0.00000000000000000000
11.7400 0.00000000000000000000 0.00000000000000000000
11.7600 0.00000000000000000000 0.00000000000000000000
11.7800 0.00000000000000000000 0.00000000000000000000
11.8000 0.00000000000000000000 0.00000000000000000000
11.8200 0.00000000000000000000 0.00000000000000000000
11.8400 0.00000000000000000000 0.00000000000000000000
11.8600 0.00000000000000000000 0.00000000000000000000
11.8800 0.00000000000000000000 0.00000000000000000000
11.9000 0.00000000000000000000 0.00000000000000000000
11.9200 0.00000000000000000000 0.00000000000000000000
11.9400 0.00000000000000000000 0.00000000000000000000
11.9600 0.00000000000000000000 0.00000000000000000000
11.9800 0.00000000000000000000 0.00000000000000000000
12.0000 0.00000000000000000000 0.00000000000000000000
12.0200 0.00000000000000000000 0.00000000000000000000
12.0400 0.00000000000000000000 0.00000000000000000000
12.0600 0.00000000000000000000 0.00000000000000000000
12.0800 0.00000000000000000000 0.00000000000000000000
12.1000 0.00000000000000000000 0.00000000000000000000
12.1200 0.00000000000000000000 0.00000000000000000000
12.1400 0.00000000000000000000 0.00000000000000000000
12.1600 0.00000000000000000000 0.00000000000000000000
12.1800 0.00000000000000000000 0.00000000000000000000
12.2000 0.00000000000000000000 0.00000000000000000000
12.2200 0.00000000000000000000 0.00000000000000000000
12.2400 0.00000000000000000000 0.00000000000000000000
12.2600 0.00000000000000000000 0.00000000000000000000
12.2800 0.00000000000000000000 0.00000000000000000000
12.3000 0.00000000000000000000 0.00000000000000000000
12.3200 0.00000000000000000000 0.00000000000000000000
12.3400 0.00000000000000000000 0.00000000000000000000
12.3600 0.00000000000000000000 0.00000000000000000000
12.3800 0.00000000000000000000 0.00000000000000000000
12.4000 0.00000000000000000000 0.00000000000000000000
12.4200 0.00000000000000000000 0.00000000000000000000
12.4400 0.00000000000000000000 0.00000000000000000000
12.4600 0.00000000000000000000 0.00000000000000000000
12.4800 0.00000000000000000000 0.00000000000000000000
12.5000 0.00000000000000000000 0.00000000000000000000
12.5200 0.00000000000000000000 0.00000000000000000000
12.5400 0.00000000000000000000 0.00000000000000000000
12.5600 0.00000000000000000000 0.00000000000000000000
12.5800 0.00000000000000000000 0.00000000000000000000
12.6000 0.00000000000000000000 0.00000000000000000000
12.6200 0.00000000000000000000 0.00000000000000000000
12.6400 0.00000000000000000000 0.00000000000000000000
12.6600 0.00000000000000000000 0.00000000000000000000
12.6800 0.00000000000000000000 0.00000000000000000000
12.7000 0.00000000000000000000 0.00000000000000000000
12.7200 0.00000000000000000000 0.00000000000000000000
12.7400 0.00000000000000000000 0.00000000000000000000
12.7600 0.00000000000000000000 0.00000000000000000000
12.7800 0.00000000000000000000 0.00000000000000000000
12.8000 0.00000000000000000000 0.00000000000000000000
12.8200 0.00000000000000000000 0.00000000000000000000
12.8400 0.00000000000000000000 0.00000000000000000000
12.8600 0.00000000000000000000 0.00000000000000000000
12.8800 0.00000000000000000000 0.00000000000000000000
12.9000 0.00000000000000000000 0.00000000000000000000
12.9200 0.00000000000000000000 0.00000000000000000000
12.9400 0.00000000000000000000 0.00000000000000000000
12.9600 0.00000000000000000000 0.00000000000000000000
12.9800 0.00000000000000000000 0.00000000000000000000
13.0000 0.00000000000000000000 0.00000000000000000000
13.0200 0.00000000000000000000 0.00000000000000000000
13.0400 0.00000000000000000000 0.00000000000000000000
13.0600 0.00000000000000000000 0.00000000000000000000
13.0800 0.00000000000000000000 0.00000000000000000000
13.1000 0.00000000000000000000 0.00000000000000000000
13.1200 0.00000000000000000000 0.00000000000000000000
13.1400 0.00000000000000000000 0.00000000000000000000
13.1600 0.00000000000000000000 0.00000000000000000000
13.1800 0.00000000000000000000 0.00000000000000000000
13.2000 0.00000000000000000000 0.00000000000000000000
13.2200 0.00000000000000000000 0.00000000000000000000
13.2400 0.00000000000000000000 0.00000000000000000000
13.2600 0.00000000000000000000 0.00000000000000000000
13.2800 0.00000000000000000000 0.00000000000000000000
13.3000 0.00000000000000000000 0.00000000000000000000
13.3200 0.00000000000000000000 0.00000000000000000000
13.3400 0.00000000000000000000 0.00000000000000000000
13.3600 0.00000000000000000000 0.00000000000000000000
13.3800 0.00000000000000000000 0.00000000000000000000
13.4000 0.00000000000000000000 0.00000000000000000000
13.4200 0.00000000000000000000 0.00000000000000000000
13.4400 0.00000000000000000000 0.00000000000000000000
13.4600 0.00000000000000000000 0.00000000000000000000
13.4800 0.00000000000000000000 0.00000000000000000000
13.5000 0.00000000000000000000 0.00000000000000000000
13.5200 0.00000000000000000000 0.00000000000000000000
13.5400 0.00000000000000000000 0.00000000000000000000
13.5600 0.00000000000000000000 0.00000000000000000000
13.5800 0.00000000000000000000 0.00000000000000000000
13.6000 0.00000000000000000000 0.00000000000000000000
13.6200 0.00000000000000000000 0.00000000000000000000
13.6400 0.00000000000000000000 0.00000000000000000000
13.6600 0.00000000000000000000 0.00000000000000000000
13.6800 0.00000000000000000000 0.00000000000000000000
13.7000 0.00000000000000000000 0.00000000000000000000
13.7200 0.00000000000000000000 0.00000000000000000001
13.7400 0.00000000000000000000 0.00000000000000000009
13.7600 0.00000000000000000000 0.00000000000000000069
13.7800 0.00000000000000000000 0.00000000000000000860
13.8000 0.00000000000000000000 0.00000000000000008547
13.8200 0.00000000000000000000 0.00000000000000028573
13.8400 0.00000000000000000000 0.00000000000000096766
13.8600 0.00000000000000000000 0.00000000000000373396
13.8800 0.00000000000000000000 0.00000000000001315143
13.9000 0.00000000000000000000 0.00000000000007717806
13.9200 0.00000000000000000000 0.00000000000015024267
13.9400 0.00000000000000000000 0.00000000000027024926
13.9600 0.00000000000000000000 0.00000000000069546652
13.9800 0.00000000000000000000 0.00000000000155578371
14.0000 0.00000000000000000000 0.00000000000375798998
14.0200 0.00000000000000000000 0.00000000000542203418
14.0400 0.00000000000000000000 0.00000000001168376382
14.0600 0.00000000000000000000 0.00000000002720726687
14.0800 0.00000000000000000000 0.00000000007812208058
14.1000 0.00000000000000000000 0.00000000013663812609
14.1200 0.00000000000000000000 0.00000000007015887901
14.1400 0.00000000000000000000 0.00000000002319283253
14.1600 0.00000000000000000000 0.00000000001505302932
14.1800 0.00000000000000000000 0.00000000002198251599
14.2000 0.00000000000000000000 0.00000000002624895241
14.2200 0.00000000000000000000 0.00000000003788045248
14.2400 0.00000000000000000000 0.00000000006242200954
14.2600 0.00000000000000000000 0.00000000006707156838
14.2800 0.00000000000000000000 0.00000000006221015016
14.3000 0.00000000000000000000 0.00000000008050592506
14.3200 0.00000000000000000000 0.00000000008453891145
14.3400 0.00000000000000000000 0.00000000015144072995
14.3600 0.00000000000000000000 0.00000000015049580013
14.3800 0.00000000000000000000 0.00000000017021978434
14.4000 0.00000000000000000001 0.00000000048545312377
14.4200 0.00000000000000000004 0.00000000078764254980
14.4400 0.00000000000000000002 0.00000000198813181792
14.4600 0.00000000000000000001 0.00000000473462059461
14.4800 0.00000000000000000000 0.00000000655501380451
14.5000 0.00000000000000000000 0.00000000872688626325
14.5200 0.00000000000000000000 0.00000001536465879641
14.5400 0.00000000000000000000 0.00000003543720372844
14.5600 0.00000000000000000000 0.00000006655926387538
14.5800 0.00000000000000000000 0.00000005552907471153
14.6000 0.00000000000000000000 0.00000004748827736897
14.6200 0.00000000000000000000 0.00000003981670564764
14.6400 0.00000000000000000000 0.00000005366881254078
14.6600 0.00000000000000000001 0.00000004460477945660
14.6800 0.00000000000000000001 0.00000004586679851939
14.7000 0.00000000000000000002 0.00000003772024043293
14.7200 0.00000000000000000003 0.00000004182569988670
14.7400 0.00000000000000000002 0.00000004750682782459
14.7600 0.00000000000000000001 0.00000004872519094582
14.7800 0.00000000000000000001 0.00000005937135276723
14.8000 0.00000000000000000001 0.00000008220162563519
14.8200 0.00000000000000000001 0.00000008748370315896
14.8400 0.00000000000000000001 0.00000011899162603995
14.8600 0.00000000000000000000 0.00000031703324159421
14.8800 0.00000000000000000000 0.00000063921210050785
14.9000 0.00000000000000000000 0.00000140793198505779
14.9200 0.00000000000000000000 0.00000242194957444159
14.9400 0.00000000000000000000 0.00000388251444820461
14.9600 0.00000000000000000000 0.00000313046660570294
14.9800 0.00000000000000000000 0.00000321497961505459
15.0000 0.00000000000000000000 0.00000354957516232317
15.0200 0.00000000000000000000 0.00000348348987374862
15.0400 0.00000000000000000000 0.00000334533262864226
15.0600 0.00000000000000000000 0.00000198865701896652
15.0800 0.00000000000000000000 0.00000099304877646511
15.1000 0.00000000000000000000 0.00000066826000413646
15.1200 0.00000000000000000000 0.00000040829479869600
15.1400 0.00000000000000000000 0.00000022626021430468
15.1600 0.00000000000000000001 0.00000012036714074018
15.1800 0.00000000000000000000 0.00000010519919076960
15.2000 0.00000000000000000000 0.00000008540785336152
15.2200 0.00000000000000000003 0.00000003932442252227
15.2400 0.00000000000000000005 0.00000003111626018992
15.2600 0.00000000000000000002 0.00000004149387094747
15.2800 0.00000000000000000003 0.00000004931277183274
15.3000 0.00000000000000000002 0.00000005934004155298
15.3200 0.00000000000000000000 0.00000006846493559340
15.3400 0.00000000000000000000 0.00000007002447730911
15.3600 0.00000000000000000000 0.00000006035370613606
15.3800 0.00000000000000000000 0.00000003062343981404
15.4000 0.00000000000000000000 0.00000001900357354056
15.4200 0.00000000000000000000 0.00000001322879970523
15.4400 0.00000000000000000000 0.00000001400003954473
15.4600 0.00000000000000000000 0.00000001750978980862
15.4800 0.00000000000000000000 0.00000001839631775443
15.5000 0.00000000000000000000 0.00000001500766370223
15.5200 0.00000000000000000000 0.00000001455498533695
15.5400 0.00000000000000000001 0.00000000816536685350
15.5600 0.00000000000000000002 0.00000000339808912226
15.5800 0.00000000000000000002 0.00000000236431191794
15.6000 0.00000000000000000001 0.00000000131661107376
15.6200 0.00000000000000000001 0.00000000105601095977
15.6400 0.00000000000000000000 0.00000000061964145356
15.6600 0.00000000000000000000 0.00000000023125742187
15.6800 0.00000000000000000000 0.00000000008282514046
15.7000 0.00000000000000000000 0.00000000010709995029
15.7200 0.00000000000000000000 0.00000000012809496669
15.7400 0.00000000000000000000 0.00000000014166700721
15.7600 0.00000000000000000000 0.00000000010407442346
15.7800 0.00000000000000000000 0.00000000005916339874
15.8000 0.00000000000000000000 0.00000000004387669059
15.8200 0.00000000000000000000 0.00000000003306067262
15.8400 0.00000000000000000000 0.00000000003292128988
15.8600 0.00000000000000000000 0.00000000001247405314
15.8800 0.00000000000000000000 0.00000000001031184468
15.9000 0.00000000000000000000 0.00000000001683884322
15.9200 0.00000000000000000000 0.00000000000875018631
15.9400 0.00000000000000000000 0.00000000000399952323
15.9600 0.00000000000000000000 0.00000000000209175694
15.9800 0.00000000000000000000 0.00000000000121261365
16.0000 0.00000000000000000000 0.00000000000074030257
16.0200 0.00000000000000000000 0.00000000000037179017
16.0400 0.00000000000000000000 0.00000000000026930557
16.0600 0.00000000000000000000 0.00000000000019405553
16.0800 0.00000000000000000000 0.00000000000010672889
16.1000 0.00000000000000000000 0.00000000000005287976
16.1200 0.00000000000000000000 0.00000000000001488848
16.1400 0.00000000000000000000 0.00000000000000185532
16.1600 0.00000000000000000000 0.00000000000000023492
16.1800 0.00000000000000000000 0.00000000000000008493
16.2000 0.00000000000000000000 0.00000000000000001183
16.2200 0.00000000000000000000 0.00000000000000000116
16.2400 0.00000000000000000000 0.00000000000000000012
16.2600 0.00000000000000000000 0.00000000000000000002
16.2800 0.00000000000000000000 0.00000000000000000000
16.3000 0.00000000000000000000 0.00000000000000000000
16.3200 0.00000000000000000000 0.00000000000000000000
16.3400 0.00000000000000000000 0.00000000000000000000
16.3600 0.00000000000000000000 0.00000000000000000000
16.3800 0.00000000000000000000 0.00000000000000000000
16.4000 0.00000000000000000000 0.00000000000000000000
16.4200 0.00000000000000000000 0.00000000000000000000
16.4400 0.00000000000000000000 0.00000000000000000000
16.4600 0.00000000000000000000 0.00000000000000000000
16.4800 0.00000000000000000000 0.00000000000000000000
16.5000 0.00000000000000000000 0.00000000000000000000
16.5200 0.00000000000000000000 0.00000000000000000000
16.5400 0.00000000000000000000 0.00000000000000000000
16.5600 0.00000000000000000000 0.00000000000000000000
16.5800 0.00000000000000000000 0.00000000000000000000
16.6000 0.00000000000000000000 0.00000000000000000000
16.6200 0.00000000000000000000 0.00000000000000000000
16.6400 0.00000000000000000000 0.00000000000000000000
16.6600 0.00000000000000000000 0.00000000000000000000
16.6800 0.00000000000000000000 0.00000000000000000000
16.7000 0.00000000000000000000 0.00000000000000000000
16.7200 0.00000000000000000000 0.00000000000000000000
16.7400 0.00000000000000000000 0.00000000000000000000
16.7600 0.00000000000000000000 0.00000000000000000000
16.7800 0.00000000000000000000 0.00000000000000000000
16.8000 0.00000000000000000000 0.00000000000000000000
16.8200 0.00000000000000000000 0.00000000000000000000
16.8400 0.00000000000000000000 0.00000000000000000000
16.8600 0.00000000000000000000 0.00000000000000000000
16.8800 0.00000000000000000000 0.00000000000000000000
16.9000 0.00000000000000000000 0.00000000000000000000
16.9200 0.00000000000000000000 0.00000000000000000000
16.9400 0.00000000000000000000 0.00000000000000000000
16.9600 0.00000000000000000000 0.00000000000000000000
16.9800 0.00000000000000000000 0.00000000000000000000
17.0000 0.00000000000000000000 0.00000000000000000000
17.0200 0.00000000000000000000 0.00000000000000000000
17.0400 0.00000000000000000000 0.00000000000000000000
17.0600 0.00000000000000000000 0.00000000000000000000
17.0800 0.00000000000000000000 0.00000000000000000000
17.1000 0.00000000000000000000 0.00000000000000000000
17.1200 0.00000000000000000000 0.00000000000000000000
17.1400 0.00000000000000000000 0.00000000000000000000
17.1600 0.00000000000000000000 0.00000000000000000000
17.1800 0.00000000000000000000 0.00000000000000000000
17.2000 0.00000000000000000000 0.00000000000000000000
17.2200 0.00000000000000000000 0.00000000000000000000
17.2400 0.00000000000000000000 0.00000000000000000000
17.2600 0.00000000000000000000 0.00000000000000000000
17.2800 0.00000000000000000000 0.00000000000000000000
17.3000 0.00000000000000000000 0.00000000000000000000
17.3200 0.00000000000000000000 0.00000000000000000000
17.3400 0.00000000000000000000 0.00000000000000000000
17.3600 0.00000000000000000000 0.00000000000000000000
17.3800 0.00000000000000000000 0.00000000000000000000
17.4000 0.00000000000000000000 0.00000000000000000000
17.4200 0.00000000000000000000 0.00000000000000000000
17.4400 0.00000000000000000000 0.00000000000000000000
17.4600 0.00000000000000000000 0.00000000000000000000
17.4800 0.00000000000000000000 0.00000000000000000000
17.5000 0.00000000000000000000 0.00000000000000000000
17.5200 0.00000000000000000000 0.00000000000000000000
17.5400 0.00000000000000000000 0.00000000000000000000
17.5600 0.00000000000000000000 0.00000000000000000000
17.5800 0.00000000000000000000 0.00000000000000000000
17.6000 0.00000000000000000000 0.00000000000000000000
17.6200 0.00000000000000000000 0.00000000000000000000
17.6400 0.00000000000000000000 0.00000000000000000000
17.6600 0.00000000000000000000 0.00000000000000000000
17.6800 0.00000000000000000000 0.00000000000000000000
17.7000 0.00000000000000000000 0.00000000000000000000
17.7200 0.00000000000000000000 0.00000000000000000000
17.7400 0.00000000000000000000 0.00000000000000000000
17.7600 0.00000000000000000000 0.00000000000000000000
17.7800 0.00000000000000000000 0.00000000000000000000
17.8000 0.00000000000000000000 0.00000000000000000000
17.8200 0.00000000000000000000 0.00000000000000000000
17.8400 0.00000000000000000000 0.00000000000000000000
17.8600 0.00000000000000000000 0.00000000000000000000
17.8800 0.00000000000000000000 0.00000000000000000000
17.9000 0.00000000000000000000 0.00000000000000000000
17.9200 0.00000000000000000000 0.00000000000000000000
17.9400 0.00000000000000000000 0.00000000000000000000
17.9600 0.00000000000000000000 0.00000000000000000000
17.9800 0.00000000000000000000 0.00000000000000000000
18.0000 0.00000000000000000000 0.00000000000000000000
18.0200 0.00000000000000000000 0.00000000000000000000
18.0400 0.00000000000000000000 0.00000000000000000000
18.0600 0.00000000000000000000 0.00000000000000000000
18.0800 0.00000000000000000000 0.00000000000000000000
18.1000 0.00000000000000000000 0.00000000000000000000
18.1200 0.00000000000000000000 0.00000000000000000000
18.1400 0.00000000000000000000 0.00000000000000000000
18.1600 0.00000000000000000000 0.00000000000000000000
18.1800 0.00000000000000000000 0.00000000000000000000
18.2000 0.00000000000000000000 0.00000000000000000000
18.2200 0.00000000000000000000 0.00000000000000000000
18.2400 0.00000000000000000000 0.00000000000000000000
18.2600 0.00000000000000000000 0.00000000000000000000
18.2800 0.00000000000000000000 0.00000000000000000000
18.3000 0.00000000000000000000 0.00000000000000000000
18.3200 0.00000000000000000000 0.00000000000000000000
18.3400 0.00000000000000000000 0.00000000000000000000
18.3600 0.00000000000000000000 0.00000000000000000000
18.3800 0.00000000000000000000 0.00000000000000000000
18.4000 0.00000000000000000000 0.00000000000000000000
18.4200 0.00000000000000000000 0.00000000000000000000
18.4400 0.00000000000000000000 0.00000000000000000000
18.4600 0.00000000000000000000 0.00000000000000000000
18.4800 0.00000000000000000000 0.00000000000000000000
18.5000 0.00000000000000000000 0.00000000000000000000
18.5200 0.00000000000000000000 0.00000000000000000000
18.5400 0.00000000000000000000 0.00000000000000000000
18.5600 0.00000000000000000000 0.00000000000000000000
18.5800 0.00000000000000000000 0.00000000000000000000
18.6000 0.00000000000000000000 0.00000000000000000000
18.6200 0.00000000000000000000 0.00000000000000000000
18.6400 0.00000000000000000000 0.00000000000000000000
18.6600 0.00000000000000000000 0.00000000000000000000
18.6800 0.00000000000000000000 0.00000000000000000000
18.7000 0.00000000000000000000 0.00000000000000000000
18.7200 0.00000000000000000000 0.00000000000000000000
18.7400 0.00000000000000000000 0.00000000000000000000
18.7600 0.00000000000000000000 0.00000000000000000000
18.7800 0.00000000000000000000 0.00000000000000000000
18.8000 0.00000000000000000000 0.00000000000000000000
18.8200 0.00000000000000000000 0.00000000000000000000
18.8400 0.00000000000000000000 0.00000000000000000000
18.8600 0.00000000000000000000 0.00000000000000000000
18.8800 0.00000000000000000000 0.00000000000000000000
18.9000 0.00000000000000000000 0.00000000000000000000
18.9200 0.00000000000000000000 0.00000000000000000000
18.9400 0.00000000000000000000 0.00000000000000000000
18.9600 0.00000000000000000000 0.00000000000000000000
18.9800 0.00000000000000000000 0.00000000000000000000
19.0000 0.00000000000000000000 0.00000000000000000000
19.0200 0.00000000000000000000 0.00000000000000000000
19.0400 0.00000000000000000000 0.00000000000000000000
19.0600 0.00000000000000000000 0.00000000000000000000
19.0800 0.00000000000000000001 0.00000000000000000000
19.1000 0.00000000000002658661 0.00000000000000000000
19.1200 0.00000000366445837390 0.00000000000000000000
19.1400 0.00000651822587209910 0.00000000000000000000
19.1600 0.00000000655575479112 0.00000000000000000000
19.1800 0.00000000000000110067 0.00000000000000000000
19.2000 0.00000000000000000000 0.00000000000000000000
19.2200 0.00000000000000000000 0.00000000000000000000
19.2400 0.00000000000000000000 0.00000000000000000000
19.2600 0.00000000000000000000 0.00000000000000000000
19.2800 0.00000000000000000000 0.00000000000000000000
19.3000 0.00000000000000000000 0.00000000000000000000
19.3200 0.00000000000000000000 0.00000000000000000000
19.3400 0.00000000000000000000 0.00000000000000000000
19.3600 0.00000000000000000000 0.00000000000000000000
19.3800 0.00000000000000000000 0.00000000000000000000
19.4000 0.00000000000000000000 0.00000000000000000000
19.4200 0.00000000000000000000 0.00000000000000000000
19.4400 0.00000000000000000000 0.00000000000000000000
19.4600 0.00000000000000000000 0.00000000000000000000
19.4800 0.00000000000000000000 0.00000000000000000000
19.5000 0.00000000000000000000 0.00000000000000000000
19.5200 0.00000000000000000000 0.00000000000000000000
19.5400 0.00000000000000000000 0.00000000000000000000
19.5600 0.00000000000000000000 0.00000000000000000000
19.5800 0.00000000000000000000 0.00000000000000000000
19.6000 0.00000000000000000000 0.00000000000000000000
19.6200 0.00000000000000000000 0.00000000000000000000
19.6400 0.00000000000000000000 0.00000000000000000000
19.6600 0.00000000000000000000 0.00000000000000000000
19.6800 0.00000000000000000000 0.00000000000000000000
19.7000 0.00000000000000000000 0.00000000000000000000
19.7200 0.00000000000000000000 0.00000000000000000000
19.7400 0.00000000000000000000 0.00000000000000000000
19.7600 0.00000000000000000000 0.00000000000000000000
19.7800 0.00000000000000000000 0.00000000000000000000
19.8000 0.00000000000000000000 0.00000000000000000000
19.8200 0.00000000000000000000 0.00000000000000000000
19.8400 0.00000000000000000000 0.00000000000000000000
19.8600 0.00000000000000000000 0.00000000000000000000
19.8800 0.00000000000000000000 0.00000000000000000000
19.9000 0.00000000000000000000 0.00000000000000000000
19.9200 0.00000000000000000000 0.00000000000000000000
19.9400 0.00000000000000000000 0.00000000000000000000
19.9600 0.00000000000000000000 0.00000000000000000000
19.9800 0.00000000000000000000 0.00000000000000000000
20.0000 0.00000000000000000000 0.00000000000000000000
20.0200 0.00000000000000000000 0.00000000000000000000
20.0400 0.00000000000000000000 0.00000000000000000000
20.0600 0.00000000000000000000 0.00000000000000000000
20.0800 0.00000000000000000000 0.00000000000000000000
20.1000 0.00000000000000000000 0.00000000000000000000
20.1200 0.00000000000000000000 0.00000000000000000000
20.1400 0.00000000000000000000 0.00000000000000000000
20.1600 0.00000000000000000000 0.00000000000000000000
20.1800 0.00000000000000000000 0.00000000000000000000
20.2000 0.00000000000000000000 0.00000000000000000000
20.2200 0.00000000000000000000 0.00000000000000000000
20.2400 0.00000000000000000000 0.00000000000000000000
20.2600 0.00000000000000000000 0.00000000000000000000
20.2800 0.00000000000000000000 0.00000000000000000000
20.3000 0.00000000000000000000 0.00000000000000000000
20.3200 0.00000000000000000000 0.00000000000000000000
20.3400 0.00000000000000000000 0.00000000000000000000
20.3600 0.00000000000000000000 0.00000000000000000000
20.3800 0.00000000000000000000 0.00000000000000000000
20.4000 0.00000000000000000000 0.00000000000000000000
20.4200 0.00000000000000000000 0.00000000000000000000
20.4400 0.00000000000000000000 0.00000000000000000000
20.4600 0.00000000000000000000 0.00000000000000000000
20.4800 0.00000000000000000000 0.00000000000000000000
20.5000 0.00000000000000000000 0.00000000000000000000
20.5200 0.00000000000000000000 0.00000000000000000000
20.5400 0.00000000000000000000 0.00000000000000000000
20.5600 0.00000000000000000000 0.00000000000000000000
20.5800 0.00000000000000000000 0.00000000000000000000
20.6000 0.00000000000000000000 0.00000000000000000000
20.6200 0.00000000000000000000 0.00000000000000000000
20.6400 0.00000000000000000000 0.00000000000000000000
20.6600 0.00000000000000000000 0.00000000000000000000
20.6800 0.00000000000000000000 0.00000000000000000000
20.7000 0.00000000000000000000 0.00000000000000000000
20.7200 0.00000000000000000000 0.00000000000000000000
20.7400 0.00000000000000000000 0.00000000000000000000
20.7600 0.00000000000000000000 0.00000000000000000000
20.7800 0.00000000000000000000 0.00000000000000000000
20.8000 0.00000000000000000000 0.00000000000000000000
20.8200 0.00000000000000000000 0.00000000000000000000
20.8400 0.00000000000000000000 0.00000000000000000000
20.8600 0.00000000000000000000 0.00000000000000000000
20.8800 0.00000000000000000000 0.00000000000000000000
20.9000 0.00000000000000000000 0.00000000000000000000
20.9200 0.00000000000000000000 0.00000000000000000000
20.9400 0.00000000000000000000 0.00000000000000000000
20.9600 0.00000000000000000000 0.00000000000000000000
20.9800 0.00000000000000000000 0.00000000000000000000
21.0000 0.00000000000000000000 0.00000000000000000000
21.0200 0.00000000000000000000 0.00000000000000000000
21.0400 0.00000000000000000000 0.00000000000000000000
21.0600 0.00000000000000000000 0.00000000000000000000
21.0800 0.00000000000000000000 0.00000000000000000000
21.1000 0.00000000000000000000 0.00000000000000000000
21.1200 0.00000000000000000000 0.00000000000000000000
21.1400 0.00000000000000000000 0.00000000000000000000
21.1600 0.00000000000000000000 0.00000000000000000000
21.1800 0.00000000000000000000 0.00000000000000000000
21.2000 0.00000000000000000000 0.00000000000000000000
21.2200 0.00000000000000000000 0.00000000000000000000
21.2400 0.00000000000000000000 0.00000000000000000000
21.2600 0.00000000000000000000 0.00000000000000000000
21.2800 0.00000000000000000000 0.00000000000000000000
21.3000 0.00000000000000000000 0.00000000000000000000
21.3200 0.00000000000000000000 0.00000000000000000000
21.3400 0.00000000000000000000 0.00000000000000000000
21.3600 0.00000000000000000000 0.00000000000000000000
21.3800 0.00000000000000000000 0.00000000000000000000
21.4000 0.00000000000000000000 0.00000000000000000000
21.4200 0.00000000000000000000 0.00000000000000000000
21.4400 0.00000000000000000000 0.00000000000000000000
21.4600 0.00000000000000000000 0.00000000000000000000
21.4800 0.00000000000000000000 0.00000000000000000000
21.5000 0.00000000000000000000 0.00000000000000000000
21.5200 0.00000000000000000000 0.00000000000000000000
21.5400 0.00000000000000000000 0.00000000000000000000
21.5600 0.00000000000000000000 0.00000000000000000000
21.5800 0.00000000000000000000 0.00000000000000000000
21.6000 0.00000000000000000000 0.00000000000000000000
21.6200 0.00000000000000000000 0.00000000000000000000
21.6400 0.00000000000000000000 0.00000000000000000000
21.6600 0.00000000000000000000 0.00000000000000000000
21.6800 0.00000000000000000000 0.00000000000000000000
21.7000 0.00000000000000000000 0.00000000000000000000
21.7200 0.00000000000000000000 0.00000000000000000000
21.7400 0.00000000000000000000 0.00000000000000000000
21.7600 0.00000000000000000000 0.00000000000000000000
21.7800 0.00000000000000000000 0.00000000000000000000
21.8000 0.00000000000000000000 0.00000000000000000000
21.8200 0.00000000000000000000 0.00000000000000000000
21.8400 0.00000000000000000000 0.00000000000000000000
21.8600 0.00000000000000000000 0.00000000000000000000
21.8800 0.00000000000000000000 0.00000000000000000000
21.9000 0.00000000000000000000 0.00000000000000000000
21.9200 0.00000000000000000000 0.00000000000000000000
21.9400 0.00000000000000000000 0.00000000000000000000
21.9600 0.00000000000000000000 0.00000000000000000000
21.9800 0.00000000000000000000 0.00000000000000000000
22.0000 0.00000000000000000000 0.00000000000000000000
22.0200 0.00000000000000000000 0.00000000000000000000
22.0400 0.00000000000000000000 0.00000000000000000000
22.0600 0.00000000000000000000 0.00000000000000000000
22.0800 0.00000000000000000000 0.00000000000000000000
22.1000 0.00000000000000000000 0.00000000000000000000
22.1200 0.00000000000000000000 0.00000000000000000000
22.1400 0.00000000000000000000 0.00000000000000000000
22.1600 0.00000000000000000000 0.00000000000000000000
22.1800 0.00000000000000000000 0.00000000000000000000
22.2000 0.00000000000000000000 0.00000000000000000000
22.2200 0.00000000000000000000 0.00000000000000000000
22.2400 0.00000000000000000000 0.00000000000000000000
22.2600 0.00000000000000000000 0.00000000000000000000
22.2800 0.00000000000000000000 0.00000000000000000000
22.3000 0.00000000000000000000 0.00000000000000000000
22.3200 0.00000000000000000000 0.00000000000000000000
22.3400 0.00000000000000000000 0.00000000000000000000
22.3600 0.00000000000000000000 0.00000000000000000000
22.3800 0.00000000000000000000 0.00000000000000000000
22.4000 0.00000000000000000000 0.00000000000000000000
22.4200 0.00000000000000000000 0.00000000000000000000
22.4400 0.00000000000000000000 0.00000000000000000000
22.4600 0.00000000000000000000 0.00000000000000000000
22.4800 0.00000000000000000000 0.00000000000000000000
22.5000 0.00000000000000000000 0.00000000000000000000
22.5200 0.00000000000000000000 0.00000000000000000000
22.5400 0.00000000000000000000 0.00000000000000000000
22.5600 0.00000000000000000000 0.00000000000000000000
22.5800 0.00000000000000000000 0.00000000000000000000
22.6000 0.00000000000000000000 0.00000000000000000000
22.6200 0.00000000000000000000 0.00000000000000000000
22.6400 0.00000000000000000000 0.00000000000000000000
22.6600 0.00000000000000000000 0.00000000000000000000
22.6800 0.00000000000000000000 0.00000000000000000000
22.7000 0.00000000000000000000 0.00000000000000000000
22.7200 0.00000000000000000000 0.00000000000000000000
22.7400 0.00000000000000000000 0.00000000000000000000
22.7600 0.00000000000000000000 0.00000000000000000000
22.7800 0.00000000000000000000 0.00000000000000000000
22.8000 0.00000000000000000000 0.00000000000000000000
22.8200 0.00000000000000000000 0.00000000000000000000
22.8400 0.00000000000000000000 0.00000000000000000000
22.8600 0.00000000000000000000 0.00000000000000000000
22.8800 0.00000000000000000000 0.00000000000000000000
22.9000 0.00000000000000000000 0.00000000000000000000
22.9200 0.00000000000000000000 0.00000000000000000000
22.9400 0.00000000000000000000 0.00000000000000000000
22.9600 0.00000000000000000000 0.00000000000000000000
22.9800 0.00000000000000000000 0.00000000000000000000
23.0000 0.00000000000000000000 0.00000000000000000000
23.0200 0.00000000000000000000 0.00000000000000000000
23.0400 0.00000000000000000000 0.00000000000000000000
23.0600 0.00000000000000000000 0.00000000000000000000
23.0800 0.00000000000000000000 0.00000000000000000000
23.1000 0.00000000000000000000 0.00000000000000000000
23.1200 0.00000000000000000000 0.00000000000000000000
23.1400 0.00000000000000000000 0.00000000000000000000
23.1600 0.00000000000000000000 0.00000000000000000000
23.1800 0.00000000000000000000 0.00000000000000000000
23.2000 0.00000000000000000000 0.00000000000000000000
23.2200 0.00000000000000000000 0.00000000000000000000
23.2400 0.00000000000000000000 0.00000000000000000000
23.2600 0.00000000000000000000 0.00000000000000000000
23.2800 0.00000000000000000000 0.00000000000000000000
23.3000 0.00000000000000000000 0.00000000000000000000
23.3200 0.00000000000000000000 0.00000000000000000000
23.3400 0.00000000000000000000 0.00000000000000000000
23.3600 0.00000000000000000000 0.00000000000000000000
23.3800 0.00000000000000000000 0.00000000000000000000
23.4000 0.00000000000000000000 0.00000000000000000000
23.4200 0.00000000000000000000 0.00000000000000000000
23.4400 0.00000000000000000000 0.00000000000000000000
23.4600 0.00000000000000000000 0.00000000000000000000
23.4800 0.00000000000000000000 0.00000000000000000000
23.5000 0.00000000000000000000 0.00000000000000000000
23.5200 0.00000000000000000000 0.00000000000000000000
23.5400 0.00000000000000000000 0.00000000000000000000
23.5600 0.00000000000000000000 0.00000000000000000000
23.5800 0.00000000000000000000 0.00000000000000000000
23.6000 0.00000000000000000000 0.00000000000000000000
23.6200 0.00000000000000000000 0.00000000000000000000
23.6400 0.00000000000000000000 0.00000000000000000000
23.6600 0.00000000000000000000 0.00000000000000000000
23.6800 0.00000000000000000000 0.00000000000000000000
23.7000 0.00000000000000000000 0.00000000000000000000
23.7200 0.00000000000000000000 0.00000000000000000000
23.7400 0.00000000000000000000 0.00000000000000000000
23.7600 0.00000000000000000000 0.00000000000000000000
23.7800 0.00000000000000000000 0.00000000000000000000
23.8000 0.00000000000000000000 0.00000000000000000000
23.8200 0.00000000000000000000 0.00000000000000000000
23.8400 0.00000000000000000000 0.00000000000000000000
23.8600 0.00000000000000000000 0.00000000000000000000
23.8800 0.00000000000000000000 0.00000000000000000000
23.9000 0.00000000000000000000 0.00000000000000000000
23.9200 0.00000000000000000000 0.00000000000000000000
23.9400 0.00000000000000000000 0.00000000000000000000
23.9600 0.00000000000000000000 0.00000000000000000000
23.9800 0.00000000000000000000 0.00000000000000000000
24.0000 0.00000000000000000000 0.00000000000000000000
24.0200 0.00000000000000000000 0.00000000000000000000
24.0400 0.00000000000000000000 0.00000000000000000000
24.0600 0.00000000000000000000 0.00000000000000000000
24.0800 0.00000000000000000000 0.00000000000000000000
24.1000 0.00000000000000000000 0.00000000000000000000
24.1200 0.00000000000000000000 0.00000000000000000000
24.1400 0.00000000000000000000 0.00000000000000000000
24.1600 0.00000000000000000000 0.00000000000000000000
24.1800 0.00000000000000000000 0.00000000000000000000
24.2000 0.00000000000000000000 0.00000000000000000000
24.2200 0.00000000000000000000 0.00000000000000000000
24.2400 0.00000000000000000000 0.00000000000000000000
24.2600 0.00000000000000000000 0.00000000000000000000
24.2800 0.00000000000000000000 0.00000000000000000000
24.3000 0.00000000000000000000 0.00000000000000000000
24.3200 0.00000000000000000000 0.00000000000000000000
24.3400 0.00000000000000000000 0.00000000000000000000
24.3600 0.00000000000000000000 0.00000000000000000000
24.3800 0.00000000000000000000 0.00000000000000000000
24.4000 0.00000000000000000000 0.00000000000000000000
24.4200 0.00000000000000000000 0.00000000000000000000
24.4400 0.00000000000000000000 0.00000000000000000000
24.4600 0.00000000000000000000 0.00000000000000000000
24.4800 0.00000000000000000000 0.00000000000000000000
24.5000 0.00000000000000000000 0.00000000000000000000
24.5200 0.00000000000000000000 0.00000000000000000000
24.5400 0.00000000000000000000 0.00000000000000000000
24.5600 0.00000000000000000000 0.00000000000000000000
24.5800 0.00000000000000000000 0.00000000000000000000
24.6000 0.00000000000000000000 0.00000000000000000000
24.6200 0.00000000000000000000 0.00000000000000000000
24.6400 0.00000000000000000000 0.00000000000000000000
24.6600 0.00000000000000000000 0.00000000000000000000
24.6800 0.00000000000000000000 0.00000000000000000000
24.7000 0.00000000000000000000 0.00000000000000000000
24.7200 0.00000000000000000000 0.00000000000000000000
24.7400 0.00000000000000000000 0.00000000000000000000
24.7600 0.00000000000000000000 0.00000000000000000000
24.7800 0.00000000000000000000 0.00000000000000000000
24.8000 0.00000000000000000000 0.00000000000000000000
24.8200 0.00000000000000000000 0.00000000000000000000
24.8400 0.00000000000000000000 0.00000000000000000000
24.8600 0.00000000000000000000 0.00000000000000000000
24.8800 0.00000000000000000000 0.00000000000000000000
24.9000 0.00000000000000000000 0.00000000000000000000
24.9200 0.00000000000000000000 0.00000000000000000000
24.9400 0.00000000000000000000 0.00000000000000000000
24.9600 0.00000000000000000000 0.00000000000000000000
24.9800 0.00000000000000000000 0.00000000000000000000
25.0000 0.00000000000000000000 0.00000000000000000000
25.0200 0.00000000000000000000 0.00000000000000000000
25.0400 0.00000000000000000000 0.00000000000000000000
25.0600 0.00000000000000000000 0.00000000000000000000
25.0800 0.00000000000000000000 0.00000000000000000000
25.1000 0.00000000000000000000 0.00000000000000000000
25.1200 0.00000000000000000000 0.00000000000000000000
25.1400 0.00000000000000000000 0.00000000000000000000
25.1600 0.00000000000000000000 0.00000000000000000000
25.1800 0.00000000000000000000 0.00000000000000000000
25.2000 0.00000000000000000000 0.00000000000000000000
25.2200 0.00000000000000000000 0.00000000000000000000
25.2400 0.00000000000000000000 0.00000000000000000000
25.2600 0.00000000000000000000 0.00000000000000000000
25.2800 0.00000000000000000000 0.00000000000000000000
25.3000 0.00000000000000000000 0.00000000000000000000
25.3200 0.00000000000000000000 0.00000000000000000000
25.3400 0.00000000000000000000 0.00000000000000000000
25.3600 0.00000000000000000000 0.00000000000000000000
25.3800 0.00000000000000000000 0.00000000000000000000
25.4000 0.00000000000000000000 0.00000000000000000000
25.4200 0.00000000000000000000 0.00000000000000000000
25.4400 0.00000000000000000000 0.00000000000000000000
25.4600 0.00000000000000000000 0.00000000000000000000
25.4800 0.00000000000000000000 0.00000000000000000000
25.5000 0.00000000000000000000 0.00000000000000000000
25.5200 0.00000000000000000000 0.00000000000000000000
25.5400 0.00000000000000000000 0.00000000000000000000
25.5600 0.00000000000000000000 0.00000000000000000000
25.5800 0.00000000000000000000 0.00000000000000000000
25.6000 0.00000000000000000000 0.00000000000000000000
25.6200 0.00000000000000000000 0.00000000000000000000
25.6400 0.00000000000000000000 0.00000000000000000000
25.6600 0.00000000000000000000 0.00000000000000000000
25.6800 0.00000000000000000000 0.00000000000000000000
25.7000 0.00000000000000000000 0.00000000000000000000
25.7200 0.00000000000000000000 0.00000000000000000000
25.7400 0.00000000000000000000 0.00000000000000000000
25.7600 0.00000000000000000000 0.00000000000000000000
25.7800 0.00000000000000000000 0.00000000000000000000
25.8000 0.00000000000000000000 0.00000000000000000000
25.8200 0.00000000000000000000 0.00000000000000000000
25.8400 0.00000000000000000000 0.00000000000000000000
25.8600 0.00000000000000000000 0.00000000000000000000
25.8800 0.00000000000000000000 0.00000000000000000000
25.9000 0.00000000000000000000 0.00000000000000000000
25.9200 0.00000000000000000000 0.00000000000000000000
25.9400 0.00000000000000000000 0.00000000000000000000
25.9600 0.00000000000000000000 0.00000000000000000000
25.9800 0.00000000000000000000 0.00000000000000000000
26.0000 0.00000000000000000000 0.00000000000000000000
26.0200 0.00000000000000000000 0.00000000000000000000
26.0400 0.00000000000000000000 0.00000000000000000000
26.0600 0.00000000000000000000 0.00000000000000000000
26.0800 0.00000000000000000000 0.00000000000000000000
26.1000 0.00000000000000000000 0.00000000000000000000
26.1200 0.00000000000000000000 0.00000000000000000000
26.1400 0.00000000000000000000 0.00000000000000000000
26.1600 0.00000000000000000000 0.00000000000000000000
26.1800 0.00000000000000000000 0.00000000000000000000
26.2000 0.00000000000000000000 0.00000000000000000000
26.2200 0.00000000000000000000 0.00000000000000000000
26.2400 0.00000000000000000000 0.00000000000000000000
26.2600 0.00000000000000000000 0.00000000000000000000
26.2800 0.00000000000000000000 0.00000000000000000000
26.3000 0.00000000000000000000 0.00000000000000000000
26.3200 0.00000000000000000000 0.00000000000000000000
26.3400 0.00000000000000000000 0.00000000000000000000
26.3600 0.00000000000000000000 0.00000000000000000000
26.3800 0.00000000000000000000 0.00000000000000000000
26.4000 0.00000000000000000000 0.00000000000000000000
26.4200 0.00000000000000000000 0.00000000000000000000
26.4400 0.00000000000000000000 0.00000000000000000000
26.4600 0.00000000000000000000 0.00000000000000000000
26.4800 0.00000000000000000000 0.00000000000000000000
26.5000 0.00000000000000000000 0.00000000000000000000
26.5200 0.00000000000000000000 0.00000000000000000000
26.5400 0.00000000000000000000 0.00000000000000000000
26.5600 0.00000000000000000000 0.00000000000000000000
26.5800 0.00000000000000000000 0.00000000000000000000
26.6000 0.00000000000000000000 0.00000000000000000000
26.6200 0.00000000000000000000 0.00000000000000000000
26.6400 0.00000000000000000000 0.00000000000000000000
26.6600 0.00000000000000000000 0.00000000000000000000
26.6800 0.00000000000000000000 0.00000000000000000000
26.7000 0.00000000000000000000 0.00000000000000000000
26.7200 0.00000000000000000000 0.00000000000000000000
26.7400 0.00000000000000000000 0.00000000000000000000
26.7600 0.00000000000000000000 0.00000000000000000000
26.7800 0.00000000000000000000 0.00000000000000000000
26.8000 0.00000000000000000000 0.00000000000000000000
26.8200 0.00000000000000000000 0.00000000000000000000
26.8400 0.00000000000000000000 0.00000000000000000000
26.8600 0.00000000000000000000 0.00000000000000000000
26.8800 0.00000000000000000000 0.00000000000000000000
26.9000 0.00000000000000000000 0.00000000000000000000
26.9200 0.00000000000000000000 0.00000000000000000000
26.9400 0.00000000000000000000 0.00000000000000000000
26.9600 0.00000000000000000000 0.00000000000000000000
26.9800 0.00000000000000000000 0.00000000000000000000
27.0000 0.00000000000000000000 0.00000000000000000000
27.0200 0.00000000000000000000 0.00000000000000000000
27.0400 0.00000000000000000000 0.00000000000000000000
27.0600 0.00000000000000000000 0.00000000000000000000
27.0800 0.00000000000000000000 0.00000000000000000000
27.1000 0.00000000000000000000 0.00000000000000000000
27.1200 0.00000000000000000000 0.00000000000000000000
27.1400 0.00000000000000000000 0.00000000000000000000
27.1600 0.00000000000000000000 0.00000000000000000000
27.1800 0.00000000000000000000 0.00000000000000000000
27.2000 0.00000000000000000000 0.00000000000000000000
27.2200 0.00000000000000000000 0.00000000000000000000
27.2400 0.00000000000000000000 0.00000000000000000000
27.2600 0.00000000000000000000 0.00000000000000000000
27.2800 0.00000000000000000000 0.00000000000000000000
27.3000 0.00000000000000000000 0.00000000000000000000
27.3200 0.00000000000000000000 0.00000000000000000000
27.3400 0.00000000000000000000 0.00000000000000000000
27.3600 0.00000000000000000000 0.00000000000000000000
27.3800 0.00000000000000000000 0.00000000000000000000
27.4000 0.00000000000000000000 0.00000000000000000000
27.4200 0.00000000000000000000 0.00000000000000000000
27.4400 0.00000000000000000000 0.00000000000000000000
27.4600 0.00000000000000000000 0.00000000000000000000
27.4800 0.00000000000000000000 0.00000000000000000000
27.5000 0.00000000000000000000 0.00000000000000000000
27.5200 0.00000000000000000000 0.00000000000000000000
27.5400 0.00000000000000000000 0.00000000000000000000
27.5600 0.00000000000000000000 0.00000000000000000000
27.5800 0.00000000000000000000 0.00000000000000000000
27.6000 0.00000000000000000000 0.00000000000000000000
27.6200 0.00000000000000000000 0.00000000000000000000
27.6400 0.00000000000000000000 0.00000000000000000000
27.6600 0.00000000000000000000 0.00000000000000000000
27.6800 0.00000000000000000000 0.00000000000000000000
27.7000 0.00000000000000000000 0.00000000000000000000
27.7200 0.00000000000000000000 0.00000000000000000000
27.7400 0.00000000000000000000 0.00000000000000000000
27.7600 0.00000000000000000000 0.00000000000000000000
27.7800 0.00000000000000000000 0.00000000000000000000
27.8000 0.00000000000000000000 0.00000000000000000000
27.8200 0.00000000000000000000 0.00000000000000000000
27.8400 0.00000000000000000000 0.00000000000000000000
27.8600 0.00000000000000000000 0.00000000000000000000
27.8800 0.00000000000000000000 0.00000000000000000000
27.9000 0.00000000000000000000 0.00000000000000000000
27.9200 0.00000000000000000000 0.00000000000000000000
27.9400 0.00000000000000000000 0.00000000000000000000
27.9600 0.00000000000000000000 0.00000000000000000000
27.9800 0.00000000000000000000 0.00000000000000000000
28.0000 0.00000000000000000000 0.00000000000000000000
28.0200 0.00000000000000000000 0.00000000000000000000
28.0400 0.00000000000000000000 0.00000000000000000000
28.0600 0.00000000000000000000 0.00000000000000000000
28.0800 0.00000000000000000000 0.00000000000000000000
28.1000 0.00000000000000000000 0.00000000000000000000
28.1200 0.00000000000000000000 0.00000000000000000000
28.1400 0.00000000000000000000 0.00000000000000000000
28.1600 0.00000000000000000000 0.00000000000000000000
28.1800 0.00000000000000000000 0.00000000000000000000
28.2000 0.00000000000000000000 0.00000000000000000000
28.2200 0.00000000000000000000 0.00000000000000000000
28.2400 0.00000000000000000000 0.00000000000000000000
28.2600 0.00000000000000000000 0.00000000000000000000
28.2800 0.00000000000000000000 0.00000000000000000000
28.3000 0.00000000000000000000 0.00000000000000000000
28.3200 0.00000000000000000000 0.00000000000000000000
28.3400 0.00000000000000000000 0.00000000000000000000
28.3600 0.00000000000000000000 0.00000000000000000000
28.3800 0.00000000000000000000 0.00000000000000000000
28.4000 0.00000000000000000000 0.00000000000000000000
28.4200 0.00000000000000000000 0.00000000000000000000
28.4400 0.00000000000000000000 0.00000000000000000000
28.4600 0.00000000000000000000 0.00000000000000000000
28.4800 0.00000000000000000000 0.00000000000000000000
28.5000 0.00000000000000000000 0.00000000000000000000
28.5200 0.00000000000000000000 0.00000000000000000000
28.5400 0.00000000000000000000 0.00000000000000000000
28.5600 0.00000000000000000000 0.00000000000000000000
28.5800 0.00000000000000000000 0.00000000000000000000
28.6000 0.00000000000000000000 0.00000000000000000000
28.6200 0.00000000000000000000 0.00000000000000000000
28.6400 0.00000000000000000000 0.00000000000000000000
28.6600 0.00000000000000000000 0.00000000000000000000
28.6800 0.00000000000000000000 0.00000000000000000000
28.7000 0.00000000000000000000 0.00000000000000000000
28.7200 0.00000000000000000000 0.00000000000000000000
28.7400 0.00000000000000000000 0.00000000000000000000
28.7600 0.00000000000000000000 0.00000000000000000000
28.7800 0.00000000000000000000 0.00000000000000000000
28.8000 0.00000000000000000000 0.00000000000000000000
28.8200 0.00000000000000000000 0.00000000000000000000
28.8400 0.00000000000000000000 0.00000000000000000000
28.8600 0.00000000000000000000 0.00000000000000000000
28.8800 0.00000000000000000000 0.00000000000000000000
28.9000 0.00000000000000000000 0.00000000000000000000
28.9200 0.00000000000000000000 0.00000000000000000000
28.9400 0.00000000000000000000 0.00000000000000000000
28.9600 0.00000000000000000000 0.00000000000000000000
28.9800 0.00000000000000000000 0.00000000000000000000
29.0000 0.00000000000000000000 0.00000000000000000000
29.0200 0.00000000000000000000 0.00000000000000000000
29.0400 0.00000000000000000000 0.00000000000000000000
29.0600 0.00000000000000000000 0.00000000000000000000
29.0800 0.00000000000000000000 0.00000000000000000000
29.1000 0.00000000000000000000 0.00000000000000000000
29.1200 0.00000000000000000000 0.00000000000000000000
29.1400 0.00000000000000000000 0.00000000000000000000
29.1600 0.00000000000000000000 0.00000000000000000000
29.1800 0.00000000000000000000 0.00000000000000000000
29.2000 0.00000000000000000000 0.00000000000000000000
29.2200 0.00000000000000000000 0.00000000000000000000
29.2400 0.00000000000000000000 0.00000000000000000000
29.2600 0.00000000000000000000 0.00000000000000000000
29.2800 0.00000000000000000000 0.00000000000000000000
29.3000 0.00000000000000000000 0.00000000000000000000
29.3200 0.00000000000000000000 0.00000000000000000000
29.3400 0.00000000000000000000 0.00000000000000000000
29.3600 0.00000000000000000000 0.00000000000000000000
29.3800 0.00000000000000000000 0.00000000000000000000
29.4000 0.00000000000000000000 0.00000000000000000000
29.4200 0.00000000000000000000 0.00000000000000000000
29.4400 0.00000000000000000000 0.00000000000000000000
29.4600 0.00000000000000000000 0.00000000000000000000
29.4800 0.00000000000000000000 0.00000000000000000000
29.5000 0.00000000000000000000 0.00000000000000000000
29.5200 0.00000000000000000000 0.00000000000000000000
29.5400 0.00000000000000000000 0.00000000000000000000
29.5600 0.00000000000000000000 0.00000000000000000000
29.5800 0.00000000000000000000 0.00000000000000000000
29.6000 0.00000000000000000000 0.00000000000000000000
29.6200 0.00000000000000000000 0.00000000000000000000
29.6400 0.00000000000000000000 0.00000000000000000000
29.6600 0.00000000000000000000 0.00000000000000000000
29.6800 0.00000000000000000000 0.00000000000000000000
29.7000 0.00000000000000000000 0.00000000000000000000
29.7200 0.00000000000000000000 0.00000000000000000000
29.7400 0.00000000000000000000 0.00000000000000000000
29.7600 0.00000000000000000000 0.00000000000000000000
29.7800 0.00000000000000000000 0.00000000000000000000
29.8000 0.00000000000000000000 0.00000000000000000000
29.8200 0.00000000000000000000 0.00000000000000000000
29.8400 0.00000000000000000000 0.00000000000000000000
29.8600 0.00000000000000000000 0.00000000000000000000
29.8800 0.00000000000000000000 0.00000000000000000000
29.9000 0.00000000000000000000 0.00000000000000000000
29.9200 0.00000000000000000000 0.00000000000000000000
29.9400 0.00000000000000000000 0.00000000000000000000
29.9600 0.00000000000000000000 0.00000000000000000000
29.9800 0.00000000000000000000 0.00000000000000000000
30.0000 0.00000000000000000000 0.00000000000000000000
