muX -2250
muC -1800
epsilon_X 1000
epsilon_C 1000
sigma_X 1.0
sigma_C 1.0
cutoff 5.0
T 200
modelX_path /scratch/fb590/co2-n2/models/c1_X.keras
modelC_path /scratch/fb590/co2-n2/models/c1_C.keras
dx 0.02
zmin 0.0
zmax 35.02
num_bins 1752
H 15
vacuum 10
box_size 35
initial_guess 0.01

xbins rho_X rho_C
0.0000 0.00000000000000000000 0.00000000000000000000
0.0200 0.00000000000000000000 0.00000000000000000000
0.0400 0.00000000000000000000 0.00000000000000000000
0.0600 0.00000000000000000000 0.00000000000000000000
0.0800 0.00000000000000000000 0.00000000000000000000
0.1000 0.00000000000000000000 0.00000000000000000000
0.1200 0.00000000000000000000 0.00000000000000000000
0.1400 0.00000000000000000000 0.00000000000000000000
0.1600 0.00000000000000000000 0.00000000000000000000
0.1800 0.00000000000000000000 0.00000000000000000000
0.2000 0.00000000000000000000 0.00000000000000000000
0.2200 0.00000000000000000000 0.00000000000000000000
0.2400 0.00000000000000000000 0.00000000000000000000
0.2600 0.00000000000000000000 0.00000000000000000000
0.2800 0.00000000000000000000 0.00000000000000000000
0.3000 0.00000000000000000000 0.00000000000000000000
0.3200 0.00000000000000000000 0.00000000000000000000
0.3400 0.00000000000000000000 0.00000000000000000000
0.3600 0.00000000000000000000 0.00000000000000000000
0.3800 0.00000000000000000000 0.00000000000000000000
0.4000 0.00000000000000000000 0.00000000000000000000
0.4200 0.00000000000000000000 0.00000000000000000000
0.4400 0.00000000000000000000 0.00000000000000000000
0.4600 0.00000000000000000000 0.00000000000000000000
0.4800 0.00000000000000000000 0.00000000000000000000
0.5000 0.00000000000000000000 0.00000000000000000000
0.5200 0.00000000000000000000 0.00000000000000000000
0.5400 0.00000000000000000000 0.00000000000000000000
0.5600 0.00000000000000000000 0.00000000000000000000
0.5800 0.00000000000000000000 0.00000000000000000000
0.6000 0.00000000000000000000 0.00000000000000000000
0.6200 0.00000000000000000000 0.00000000000000000000
0.6400 0.00000000000000000000 0.00000000000000000000
0.6600 0.00000000000000000000 0.00000000000000000000
0.6800 0.00000000000000000000 0.00000000000000000000
0.7000 0.00000000000000000000 0.00000000000000000000
0.7200 0.00000000000000000000 0.00000000000000000000
0.7400 0.00000000000000000000 0.00000000000000000000
0.7600 0.00000000000000000000 0.00000000000000000000
0.7800 0.00000000000000000000 0.00000000000000000000
0.8000 0.00000000000000000000 0.00000000000000000000
0.8200 0.00000000000000000000 0.00000000000000000000
0.8400 0.00000000000000000000 0.00000000000000000000
0.8600 0.00000000000000000000 0.00000000000000000000
0.8800 0.00000000000000000000 0.00000000000000000000
0.9000 0.00000000000000000000 0.00000000000000000000
0.9200 0.00000000000000000000 0.00000000000000000000
0.9400 0.00000000000000000000 0.00000000000000000000
0.9600 0.00000000000000000000 0.00000000000000000000
0.9800 0.00000000000000000000 0.00000000000000000000
1.0000 0.00000000000000000000 0.00000000000000000000
1.0200 0.00000000000000000000 0.00000000000000000000
1.0400 0.00000000000000000000 0.00000000000000000000
1.0600 0.00000000000000000000 0.00000000000000000000
1.0800 0.00000000000000000000 0.00000000000000000000
1.1000 0.00000000000000000000 0.00000000000000000000
1.1200 0.00000000000000000000 0.00000000000000000000
1.1400 0.00000000000000000000 0.00000000000000000000
1.1600 0.00000000000000000000 0.00000000000000000000
1.1800 0.00000000000000000000 0.00000000000000000000
1.2000 0.00000000000000000000 0.00000000000000000000
1.2200 0.00000000000000000000 0.00000000000000000000
1.2400 0.00000000000000000000 0.00000000000000000000
1.2600 0.00000000000000000000 0.00000000000000000000
1.2800 0.00000000000000000000 0.00000000000000000000
1.3000 0.00000000000000000000 0.00000000000000000000
1.3200 0.00000000000000000000 0.00000000000000000000
1.3400 0.00000000000000000000 0.00000000000000000000
1.3600 0.00000000000000000000 0.00000000000000000000
1.3800 0.00000000000000000000 0.00000000000000000000
1.4000 0.00000000000000000000 0.00000000000000000000
1.4200 0.00000000000000000000 0.00000000000000000000
1.4400 0.00000000000000000000 0.00000000000000000000
1.4600 0.00000000000000000000 0.00000000000000000000
1.4800 0.00000000000000000000 0.00000000000000000000
1.5000 0.00000000000000000000 0.00000000000000000000
1.5200 0.00000000000000000000 0.00000000000000000000
1.5400 0.00000000000000000000 0.00000000000000000000
1.5600 0.00000000000000000000 0.00000000000000000000
1.5800 0.00000000000000000000 0.00000000000000000000
1.6000 0.00000000000000000000 0.00000000000000000000
1.6200 0.00000000000000000000 0.00000000000000000000
1.6400 0.00000000000000000000 0.00000000000000000000
1.6600 0.00000000000000000000 0.00000000000000000000
1.6800 0.00000000000000000000 0.00000000000000000000
1.7000 0.00000000000000000000 0.00000000000000000000
1.7200 0.00000000000000000000 0.00000000000000000000
1.7400 0.00000000000000000000 0.00000000000000000000
1.7600 0.00000000000000000000 0.00000000000000000000
1.7800 0.00000000000000000000 0.00000000000000000000
1.8000 0.00000000000000000000 0.00000000000000000000
1.8200 0.00000000000000000000 0.00000000000000000000
1.8400 0.00000000000000000000 0.00000000000000000000
1.8600 0.00000000000000000000 0.00000000000000000000
1.8800 0.00000000000000000000 0.00000000000000000000
1.9000 0.00000000000000000000 0.00000000000000000000
1.9200 0.00000000000000000000 0.00000000000000000000
1.9400 0.00000000000000000000 0.00000000000000000000
1.9600 0.00000000000000000000 0.00000000000000000000
1.9800 0.00000000000000000000 0.00000000000000000000
2.0000 0.00000000000000000000 0.00000000000000000000
2.0200 0.00000000000000000000 0.00000000000000000000
2.0400 0.00000000000000000000 0.00000000000000000000
2.0600 0.00000000000000000000 0.00000000000000000000
2.0800 0.00000000000000000000 0.00000000000000000000
2.1000 0.00000000000000000000 0.00000000000000000000
2.1200 0.00000000000000000000 0.00000000000000000000
2.1400 0.00000000000000000000 0.00000000000000000000
2.1600 0.00000000000000000000 0.00000000000000000000
2.1800 0.00000000000000000000 0.00000000000000000000
2.2000 0.00000000000000000000 0.00000000000000000000
2.2200 0.00000000000000000000 0.00000000000000000000
2.2400 0.00000000000000000000 0.00000000000000000000
2.2600 0.00000000000000000000 0.00000000000000000000
2.2800 0.00000000000000000000 0.00000000000000000000
2.3000 0.00000000000000000000 0.00000000000000000000
2.3200 0.00000000000000000000 0.00000000000000000000
2.3400 0.00000000000000000000 0.00000000000000000000
2.3600 0.00000000000000000000 0.00000000000000000000
2.3800 0.00000000000000000000 0.00000000000000000000
2.4000 0.00000000000000000000 0.00000000000000000000
2.4200 0.00000000000000000000 0.00000000000000000000
2.4400 0.00000000000000000000 0.00000000000000000000
2.4600 0.00000000000000000000 0.00000000000000000000
2.4800 0.00000000000000000000 0.00000000000000000000
2.5000 0.00000000000000000000 0.00000000000000000000
2.5200 0.00000000000000000000 0.00000000000000000000
2.5400 0.00000000000000000000 0.00000000000000000000
2.5600 0.00000000000000000000 0.00000000000000000000
2.5800 0.00000000000000000000 0.00000000000000000000
2.6000 0.00000000000000000000 0.00000000000000000000
2.6200 0.00000000000000000000 0.00000000000000000000
2.6400 0.00000000000000000000 0.00000000000000000000
2.6600 0.00000000000000000000 0.00000000000000000000
2.6800 0.00000000000000000000 0.00000000000000000000
2.7000 0.00000000000000000000 0.00000000000000000000
2.7200 0.00000000000000000000 0.00000000000000000000
2.7400 0.00000000000000000000 0.00000000000000000000
2.7600 0.00000000000000000000 0.00000000000000000000
2.7800 0.00000000000000000000 0.00000000000000000000
2.8000 0.00000000000000000000 0.00000000000000000000
2.8200 0.00000000000000000000 0.00000000000000000000
2.8400 0.00000000000000000000 0.00000000000000000000
2.8600 0.00000000000000000000 0.00000000000000000000
2.8800 0.00000000000000000000 0.00000000000000000000
2.9000 0.00000000000000000000 0.00000000000000000000
2.9200 0.00000000000000000000 0.00000000000000000000
2.9400 0.00000000000000000000 0.00000000000000000000
2.9600 0.00000000000000000000 0.00000000000000000000
2.9800 0.00000000000000000000 0.00000000000000000000
3.0000 0.00000000000000000000 0.00000000000000000000
3.0200 0.00000000000000000000 0.00000000000000000000
3.0400 0.00000000000000000000 0.00000000000000000000
3.0600 0.00000000000000000000 0.00000000000000000000
3.0800 0.00000000000000000000 0.00000000000000000000
3.1000 0.00000000000000000000 0.00000000000000000000
3.1200 0.00000000000000000000 0.00000000000000000000
3.1400 0.00000000000000000000 0.00000000000000000000
3.1600 0.00000000000000000000 0.00000000000000000000
3.1800 0.00000000000000000000 0.00000000000000000000
3.2000 0.00000000000000000000 0.00000000000000000000
3.2200 0.00000000000000000000 0.00000000000000000000
3.2400 0.00000000000000000000 0.00000000000000000000
3.2600 0.00000000000000000000 0.00000000000000000000
3.2800 0.00000000000000000000 0.00000000000000000000
3.3000 0.00000000000000000000 0.00000000000000000000
3.3200 0.00000000000000000000 0.00000000000000000000
3.3400 0.00000000000000000000 0.00000000000000000000
3.3600 0.00000000000000000000 0.00000000000000000000
3.3800 0.00000000000000000000 0.00000000000000000000
3.4000 0.00000000000000000000 0.00000000000000000000
3.4200 0.00000000000000000000 0.00000000000000000000
3.4400 0.00000000000000000000 0.00000000000000000000
3.4600 0.00000000000000000000 0.00000000000000000000
3.4800 0.00000000000000000000 0.00000000000000000000
3.5000 0.00000000000000000000 0.00000000000000000000
3.5200 0.00000000000000000000 0.00000000000000000000
3.5400 0.00000000000000000000 0.00000000000000000000
3.5600 0.00000000000000000000 0.00000000000000000000
3.5800 0.00000000000000000000 0.00000000000000000000
3.6000 0.00000000000000000000 0.00000000000000000000
3.6200 0.00000000000000000000 0.00000000000000000000
3.6400 0.00000000000000000000 0.00000000000000000000
3.6600 0.00000000000000000000 0.00000000000000000000
3.6800 0.00000000000000000000 0.00000000000000000000
3.7000 0.00000000000000000000 0.00000000000000000000
3.7200 0.00000000000000000000 0.00000000000000000000
3.7400 0.00000000000000000000 0.00000000000000000000
3.7600 0.00000000000000000000 0.00000000000000000000
3.7800 0.00000000000000000000 0.00000000000000000000
3.8000 0.00000000000000000000 0.00000000000000000000
3.8200 0.00000000000000000000 0.00000000000000000000
3.8400 0.00000000000000000000 0.00000000000000000000
3.8600 0.00000000000000000000 0.00000000000000000000
3.8800 0.00000000000000000000 0.00000000000000000000
3.9000 0.00000000000000000000 0.00000000000000000000
3.9200 0.00000000000000000000 0.00000000000000000000
3.9400 0.00000000000000000000 0.00000000000000000000
3.9600 0.00000000000000000000 0.00000000000000000000
3.9800 0.00000000000000000000 0.00000000000000000000
4.0000 0.00000000000000000000 0.00000000000000000000
4.0200 0.00000000000000000000 0.00000000000000000000
4.0400 0.00000000000000000000 0.00000000000000000000
4.0600 0.00000000000000000000 0.00000000000000000000
4.0800 0.00000000000000000000 0.00000000000000000000
4.1000 0.00000000000000000000 0.00000000000000000000
4.1200 0.00000000000000000000 0.00000000000000000000
4.1400 0.00000000000000000000 0.00000000000000000000
4.1600 0.00000000000000000000 0.00000000000000000000
4.1800 0.00000000000000000000 0.00000000000000000000
4.2000 0.00000000000000000000 0.00000000000000000000
4.2200 0.00000000000000000000 0.00000000000000000000
4.2400 0.00000000000000000000 0.00000000000000000000
4.2600 0.00000000000000000000 0.00000000000000000000
4.2800 0.00000000000000000000 0.00000000000000000000
4.3000 0.00000000000000000000 0.00000000000000000000
4.3200 0.00000000000000000000 0.00000000000000000000
4.3400 0.00000000000000000000 0.00000000000000000000
4.3600 0.00000000000000000000 0.00000000000000000000
4.3800 0.00000000000000000000 0.00000000000000000000
4.4000 0.00000000000000000000 0.00000000000000000000
4.4200 0.00000000000000000000 0.00000000000000000000
4.4400 0.00000000000000000000 0.00000000000000000000
4.4600 0.00000000000000000000 0.00000000000000000000
4.4800 0.00000000000000000000 0.00000000000000000000
4.5000 0.00000000000000000000 0.00000000000000000000
4.5200 0.00000000000000000000 0.00000000000000000000
4.5400 0.00000000000000000000 0.00000000000000000000
4.5600 0.00000000000000000000 0.00000000000000000000
4.5800 0.00000000000000000000 0.00000000000000000000
4.6000 0.00000000000000000000 0.00000000000000000000
4.6200 0.00000000000000000000 0.00000000000000000000
4.6400 0.00000000000000000000 0.00000000000000000000
4.6600 0.00000000000000000000 0.00000000000000000000
4.6800 0.00000000000000000000 0.00000000000000000000
4.7000 0.00000000000000000000 0.00000000000000000000
4.7200 0.00000000000000000000 0.00000000000000000000
4.7400 0.00000000000000000000 0.00000000000000000000
4.7600 0.00000000000000000000 0.00000000000000000000
4.7800 0.00000000000000000000 0.00000000000000000000
4.8000 0.00000000000000000000 0.00000000000000000000
4.8200 0.00000000000000000000 0.00000000000000000000
4.8400 0.00000000000000000000 0.00000000000000000000
4.8600 0.00000000000000000000 0.00000000000000000000
4.8800 0.00000000000000000000 0.00000000000000000000
4.9000 0.00000000000000000000 0.00000000000000000000
4.9200 0.00000000000000000000 0.00000000000000000000
4.9400 0.00000000000000000000 0.00000000000000000000
4.9600 0.00000000000000000000 0.00000000000000000000
4.9800 0.00000000000000000000 0.00000000000000000000
5.0000 0.00000000000000000000 0.00000000000000000000
5.0200 0.00000000000000000000 0.00000000000000000000
5.0400 0.00000000000000000000 0.00000000000000000000
5.0600 0.00000000000000000000 0.00000000000000000000
5.0800 0.00000000000000000000 0.00000000000000000000
5.1000 0.00000000000000000000 0.00000000000000000000
5.1200 0.00000000000000000000 0.00000000000000000000
5.1400 0.00000000000000000000 0.00000000000000000000
5.1600 0.00000000000000000000 0.00000000000000000000
5.1800 0.00000000000000000000 0.00000000000000000000
5.2000 0.00000000000000000000 0.00000000000000000000
5.2200 0.00000000000000000000 0.00000000000000000000
5.2400 0.00000000000000000000 0.00000000000000000000
5.2600 0.00000000000000000000 0.00000000000000000000
5.2800 0.00000000000000000000 0.00000000000000000000
5.3000 0.00000000000000000000 0.00000000000000000000
5.3200 0.00000000000000000000 0.00000000000000000000
5.3400 0.00000000000000000000 0.00000000000000000000
5.3600 0.00000000000000000000 0.00000000000000000000
5.3800 0.00000000000000000000 0.00000000000000000000
5.4000 0.00000000000000000000 0.00000000000000000000
5.4200 0.00000000000000000000 0.00000000000000000000
5.4400 0.00000000000000000000 0.00000000000000000000
5.4600 0.00000000000000000000 0.00000000000000000000
5.4800 0.00000000000000000000 0.00000000000000000000
5.5000 0.00000000000000000000 0.00000000000000000000
5.5200 0.00000000000000000000 0.00000000000000000000
5.5400 0.00000000000000000000 0.00000000000000000000
5.5600 0.00000000000000000000 0.00000000000000000000
5.5800 0.00000000000000000000 0.00000000000000000000
5.6000 0.00000000000000000000 0.00000000000000000000
5.6200 0.00000000000000000000 0.00000000000000000000
5.6400 0.00000000000000000000 0.00000000000000000000
5.6600 0.00000000000000000000 0.00000000000000000000
5.6800 0.00000000000000000000 0.00000000000000000000
5.7000 0.00000000000000000000 0.00000000000000000000
5.7200 0.00000000000000000000 0.00000000000000000000
5.7400 0.00000000000000000000 0.00000000000000000000
5.7600 0.00000000000000000000 0.00000000000000000000
5.7800 0.00000000000000000000 0.00000000000000000000
5.8000 0.00000000000000000000 0.00000000000000000000
5.8200 0.00000000000000000000 0.00000000000000000000
5.8400 0.00000000000000000000 0.00000000000000000000
5.8600 0.00000000000000000000 0.00000000000000000000
5.8800 0.00000000000000000000 0.00000000000000000000
5.9000 0.00000000000000000000 0.00000000000000000000
5.9200 0.00000000000000000000 0.00000000000000000000
5.9400 0.00000000000000000000 0.00000000000000000000
5.9600 0.00000000000000000000 0.00000000000000000000
5.9800 0.00000000000000000000 0.00000000000000000000
6.0000 0.00000000000000000000 0.00000000000000000000
6.0200 0.00000000000000000000 0.00000000000000000000
6.0400 0.00000000000000000000 0.00000000000000000000
6.0600 0.00000000000000000000 0.00000000000000000000
6.0800 0.00000000000000000000 0.00000000000000000000
6.1000 0.00000000000000000000 0.00000000000000000000
6.1200 0.00000000000000000000 0.00000000000000000000
6.1400 0.00000000000000000000 0.00000000000000000000
6.1600 0.00000000000000000000 0.00000000000000000000
6.1800 0.00000000000000000000 0.00000000000000000000
6.2000 0.00000000000000000000 0.00000000000000000000
6.2200 0.00000000000000000000 0.00000000000000000000
6.2400 0.00000000000000000000 0.00000000000000000000
6.2600 0.00000000000000000000 0.00000000000000000000
6.2800 0.00000000000000000000 0.00000000000000000000
6.3000 0.00000000000000000000 0.00000000000000000000
6.3200 0.00000000000000000000 0.00000000000000000000
6.3400 0.00000000000000000000 0.00000000000000000000
6.3600 0.00000000000000000000 0.00000000000000000000
6.3800 0.00000000000000000000 0.00000000000000000000
6.4000 0.00000000000000000000 0.00000000000000000000
6.4200 0.00000000000000000000 0.00000000000000000000
6.4400 0.00000000000000000000 0.00000000000000000000
6.4600 0.00000000000000000000 0.00000000000000000000
6.4800 0.00000000000000000000 0.00000000000000000000
6.5000 0.00000000000000000000 0.00000000000000000000
6.5200 0.00000000000000000000 0.00000000000000000000
6.5400 0.00000000000000000000 0.00000000000000000000
6.5600 0.00000000000000000000 0.00000000000000000000
6.5800 0.00000000000000000000 0.00000000000000000000
6.6000 0.00000000000000000000 0.00000000000000000000
6.6200 0.00000000000000000000 0.00000000000000000000
6.6400 0.00000000000000000000 0.00000000000000000000
6.6600 0.00000000000000000000 0.00000000000000000000
6.6800 0.00000000000000000000 0.00000000000000000000
6.7000 0.00000000000000000000 0.00000000000000000000
6.7200 0.00000000000000000000 0.00000000000000000000
6.7400 0.00000000000000000000 0.00000000000000000000
6.7600 0.00000000000000000000 0.00000000000000000000
6.7800 0.00000000000000000000 0.00000000000000000000
6.8000 0.00000000000000000000 0.00000000000000000000
6.8200 0.00000000000000000000 0.00000000000000000000
6.8400 0.00000000000000000000 0.00000000000000000000
6.8600 0.00000000000000000000 0.00000000000000000000
6.8800 0.00000000000000000000 0.00000000000000000000
6.9000 0.00000000000000000000 0.00000000000000000000
6.9200 0.00000000000000000000 0.00000000000000000000
6.9400 0.00000000000000000000 0.00000000000000000000
6.9600 0.00000000000000000000 0.00000000000000000000
6.9800 0.00000000000000000000 0.00000000000000000000
7.0000 0.00000000000000000000 0.00000000000000000000
7.0200 0.00000000000000000000 0.00000000000000000000
7.0400 0.00000000000000000000 0.00000000000000000000
7.0600 0.00000000000000000000 0.00000000000000000000
7.0800 0.00000000000000000000 0.00000000000000000000
7.1000 0.00000000000000000000 0.00000000000000000000
7.1200 0.00000000000000000000 0.00000000000000000000
7.1400 0.00000000000000000000 0.00000000000000000000
7.1600 0.00000000000000000000 0.00000000000000000000
7.1800 0.00000000000000000000 0.00000000000000000000
7.2000 0.00000000000000000000 0.00000000000000000000
7.2200 0.00000000000000000000 0.00000000000000000000
7.2400 0.00000000000000000000 0.00000000000000000000
7.2600 0.00000000000000000000 0.00000000000000000000
7.2800 0.00000000000000000000 0.00000000000000000000
7.3000 0.00000000000000000000 0.00000000000000000000
7.3200 0.00000000000000000000 0.00000000000000000000
7.3400 0.00000000000000000000 0.00000000000000000000
7.3600 0.00000000000000000000 0.00000000000000000000
7.3800 0.00000000000000000000 0.00000000000000000000
7.4000 0.00000000000000000000 0.00000000000000000000
7.4200 0.00000000000000000000 0.00000000000000000000
7.4400 0.00000000000000000000 0.00000000000000000000
7.4600 0.00000000000000000000 0.00000000000000000000
7.4800 0.00000000000000000000 0.00000000000000000000
7.5000 0.00000000000000000000 0.00000000000000000000
7.5200 0.00000000000000000000 0.00000000000000000000
7.5400 0.00000000000000000000 0.00000000000000000000
7.5600 0.00000000000000000000 0.00000000000000000000
7.5800 0.00000000000000000000 0.00000000000000000000
7.6000 0.00000000000000000000 0.00000000000000000000
7.6200 0.00000000000000000000 0.00000000000000000000
7.6400 0.00000000000000000000 0.00000000000000000000
7.6600 0.00000000000000000000 0.00000000000000000000
7.6800 0.00000000000000000000 0.00000000000000000000
7.7000 0.00000000000000000000 0.00000000000000000000
7.7200 0.00000000000000000000 0.00000000000000000000
7.7400 0.00000000000000000000 0.00000000000000000000
7.7600 0.00000000000000000000 0.00000000000000000000
7.7800 0.00000000000000000000 0.00000000000000000000
7.8000 0.00000000000000000000 0.00000000000000000000
7.8200 0.00000000000000000000 0.00000000000000000000
7.8400 0.00000000000000000000 0.00000000000000000000
7.8600 0.00000000000000000000 0.00000000000000000000
7.8800 0.00000000000000000000 0.00000000000000000000
7.9000 0.00000000000000000000 0.00000000000000000000
7.9200 0.00000000000000000000 0.00000000000000000000
7.9400 0.00000000000000000000 0.00000000000000000000
7.9600 0.00000000000000000000 0.00000000000000000000
7.9800 0.00000000000000000000 0.00000000000000000000
8.0000 0.00000000000000000000 0.00000000000000000000
8.0200 0.00000000000000000000 0.00000000000000000000
8.0400 0.00000000000000000000 0.00000000000000000000
8.0600 0.00000000000000000000 0.00000000000000000000
8.0800 0.00000000000000000000 0.00000000000000000000
8.1000 0.00000000000000000000 0.00000000000000000000
8.1200 0.00000000000000000000 0.00000000000000000000
8.1400 0.00000000000000000000 0.00000000000000000000
8.1600 0.00000000000000000000 0.00000000000000000000
8.1800 0.00000000000000000000 0.00000000000000000000
8.2000 0.00000000000000000000 0.00000000000000000000
8.2200 0.00000000000000000000 0.00000000000000000000
8.2400 0.00000000000000000000 0.00000000000000000000
8.2600 0.00000000000000000000 0.00000000000000000000
8.2800 0.00000000000000000000 0.00000000000000000000
8.3000 0.00000000000000000000 0.00000000000000000000
8.3200 0.00000000000000000000 0.00000000000000000000
8.3400 0.00000000000000000000 0.00000000000000000000
8.3600 0.00000000000000000000 0.00000000000000000000
8.3800 0.00000000000000000000 0.00000000000000000000
8.4000 0.00000000000000000000 0.00000000000000000000
8.4200 0.00000000000000000000 0.00000000000000000000
8.4400 0.00000000000000000000 0.00000000000000000000
8.4600 0.00000000000000000000 0.00000000000000000000
8.4800 0.00000000000000000000 0.00000000000000000000
8.5000 0.00000000000000000000 0.00000000000000000000
8.5200 0.00000000000000000000 0.00000000000000000000
8.5400 0.00000000000000000000 0.00000000000000000000
8.5600 0.00000000000000000000 0.00000000000000000000
8.5800 0.00000000000000000000 0.00000000000000000000
8.6000 0.00000000000000000000 0.00000000000000000000
8.6200 0.00000000000000000000 0.00000000000000000000
8.6400 0.00000000000000000000 0.00000000000000000000
8.6600 0.00000000000000000000 0.00000000000000000000
8.6800 0.00000000000000000000 0.00000000000000000000
8.7000 0.00000000000000000000 0.00000000000000000000
8.7200 0.00000000000000000000 0.00000000000000000000
8.7400 0.00000000000000000000 0.00000000000000000000
8.7600 0.00000000000000000000 0.00000000000000000000
8.7800 0.00000000000000000000 0.00000000000000000000
8.8000 0.00000000000000000000 0.00000000000000000000
8.8200 0.00000000000000000000 0.00000000000000000000
8.8400 0.00000000000000000000 0.00000000000000000000
8.8600 0.00000000000000000000 0.00000000000000000000
8.8800 0.00000000000000000000 0.00000000000000000000
8.9000 0.00000000000000000000 0.00000000000000000000
8.9200 0.00000000000000000000 0.00000000000000000000
8.9400 0.00000000000000000000 0.00000000000000000000
8.9600 0.00000000000000000000 0.00000000000000000000
8.9800 0.00000000000000000000 0.00000000000000000000
9.0000 0.00000000000000000000 0.00000000000000000000
9.0200 0.00000000000000000000 0.00000000000000000000
9.0400 0.00000000000000000000 0.00000000000000000000
9.0600 0.00000000000000000000 0.00000000000000000000
9.0800 0.00000000000000000000 0.00000000000000000000
9.1000 0.00000000000000000000 0.00000000000000000000
9.1200 0.00000000000000000000 0.00000000000000000000
9.1400 0.00000000000000000000 0.00000000000000000000
9.1600 0.00000000000000000000 0.00000000000000000000
9.1800 0.00000000000000000000 0.00000000000000000000
9.2000 0.00000000000000000000 0.00000000000000000000
9.2200 0.00000000000000000000 0.00000000000000000000
9.2400 0.00000000000000000000 0.00000000000000000000
9.2600 0.00000000000000000000 0.00000000000000000000
9.2800 0.00000000000000000000 0.00000000000000000000
9.3000 0.00000000000000000000 0.00000000000000000000
9.3200 0.00000000000000000000 0.00000000000000000000
9.3400 0.00000000000000000000 0.00000000000000000000
9.3600 0.00000000000000000000 0.00000000000000000000
9.3800 0.00000000000000000000 0.00000000000000000000
9.4000 0.00000000000000000000 0.00000000000000000000
9.4200 0.00000000000000000000 0.00000000000000000000
9.4400 0.00000000000000000000 0.00000000000000000000
9.4600 0.00000000000000000000 0.00000000000000000000
9.4800 0.00000000000000000000 0.00000000000000000000
9.5000 0.00000000000000000000 0.00000000000000000000
9.5200 0.00000000000000000000 0.00000000000000000000
9.5400 0.00000000000000000000 0.00000000000000000000
9.5600 0.00000000000000000000 0.00000000000000000000
9.5800 0.00000000000000000000 0.00000000000000000000
9.6000 0.00000000000000000000 0.00000000000000000000
9.6200 0.00000000000000000000 0.00000000000000000000
9.6400 0.00000000000000000000 0.00000000000000000000
9.6600 0.00000000000000000000 0.00000000000000000000
9.6800 0.00000000000000000000 0.00000000000000000000
9.7000 0.00000000000000000000 0.00000000000000000000
9.7200 0.00000000000000000000 0.00000000000000000000
9.7400 0.00000000000000000000 0.00000000000000000000
9.7600 0.00000000000000000000 0.00000000000000000000
9.7800 0.00000000000000000000 0.00000000000000000000
9.8000 0.00000000000000000000 0.00000000000000000000
9.8200 0.00000000000000000000 0.00000000000000000000
9.8400 0.00000000000000000000 0.00000000000000000000
9.8600 0.00000000000000000000 0.00000000000000000000
9.8800 0.00000000000000000000 0.00000000000000000000
9.9000 0.00000000000000000000 0.00000000000000000000
9.9200 0.00000000000000000000 0.00000000000000000000
9.9400 0.00000000000000000000 0.00000000000000000000
9.9600 0.00000000000000000000 0.00000000000000000000
9.9800 0.00000000000000000000 0.00000000000000000000
10.0000 0.00000000000000000000 0.00000000000000000000
10.0200 0.00000000000000000000 0.00000000000000000000
10.0400 0.00000000000000000000 0.00000000000000000000
10.0600 0.00000000000000000000 0.00000000000000000000
10.0800 0.00000000000000000000 0.00000000000000000000
10.1000 0.00000000000000000000 0.00000000000000000000
10.1200 0.00000000000000000000 0.00000000000000000000
10.1400 0.00000000000000000000 0.00000000000000000000
10.1600 0.00000000000000000000 0.00000000000000000000
10.1800 0.00000000000000000000 0.00000000000000000000
10.2000 0.00000000000000000000 0.00000000000000000000
10.2200 0.00000000000000000000 0.00000000000000000000
10.2400 0.00000000000000000000 0.00000000000000000000
10.2600 0.00000000000000000000 0.00000000000000000000
10.2800 0.00000000000000000000 0.00000000000000000000
10.3000 0.00000000000000000000 0.00000000000000000000
10.3200 0.00000000000000000000 0.00000000000000000000
10.3400 0.00000000000000000000 0.00000000000000000000
10.3600 0.00000000000000000000 0.00000000000000000000
10.3800 0.00000000000000000000 0.00000000000000000000
10.4000 0.00000000000000000000 0.00000000000000000000
10.4200 0.00000000000000000000 0.00000000000000000000
10.4400 0.00000000000000000000 0.00000000000000000000
10.4600 0.00000000000000000000 0.00000000000000000000
10.4800 0.00000000000000000000 0.00000000000000000000
10.5000 0.00000000000000000000 0.00000000000000000000
10.5200 0.00000000000000000000 0.00000000000000000000
10.5400 0.00000000000000000000 0.00000000000000000000
10.5600 0.00000000000000000000 0.00000000000000000000
10.5800 0.00000000000000000000 0.00000000000000000000
10.6000 0.00000000000000000000 0.00000000000000000000
10.6200 0.00000000000000000000 0.00000000000000000000
10.6400 0.00000000000000000000 0.00000000000000000000
10.6600 0.00000000000000000000 0.00000000000000000000
10.6800 0.00000000000000000000 0.00000000000000000000
10.7000 0.00000000000000000000 0.00000000000000000000
10.7200 0.00000000000000000000 0.00000000000000000000
10.7400 0.00000000000000000000 0.00000000000000000000
10.7600 0.00000000000000000000 0.00000000000000000000
10.7800 0.00000000000000000000 0.00000000000000000000
10.8000 0.00000000000000000000 0.00000000000000000000
10.8200 0.00000000000000000000 0.00000000000000000000
10.8400 0.00000000000000000002 0.00000000000000000000
10.8600 0.00000000000000011319 0.00000000000000000000
10.8800 0.00000000000000000001 0.00000000000000000000
10.9000 0.00000000000000000000 0.00000000000000000000
10.9200 0.00000000000000000000 0.00000000000000000000
10.9400 0.00000000000000000000 0.00000000000000000000
10.9600 0.00000000000000000000 0.00000000000000000000
10.9800 0.00000000000000000000 0.00000000000000000000
11.0000 0.00000000000000000000 0.00000000000000000000
11.0200 0.00000000000000000000 0.00000000000000000000
11.0400 0.00000000000000000000 0.00000000000000000000
11.0600 0.00000000000000000000 0.00000000000000000000
11.0800 0.00000000000000000000 0.00000000000000000000
11.1000 0.00000000000000000000 0.00000000000000000000
11.1200 0.00000000000000000000 0.00000000000000000000
11.1400 0.00000000000000000000 0.00000000000000000000
11.1600 0.00000000000000000000 0.00000000000000000000
11.1800 0.00000000000000000000 0.00000000000000000000
11.2000 0.00000000000000000000 0.00000000000000000000
11.2200 0.00000000000000000000 0.00000000000000000000
11.2400 0.00000000000000000000 0.00000000000000000000
11.2600 0.00000000000000000000 0.00000000000000000000
11.2800 0.00000000000000000000 0.00000000000000000000
11.3000 0.00000000000000000000 0.00000000000000000000
11.3200 0.00000000000000000000 0.00000000000000000000
11.3400 0.00000000000000000000 0.00000000000000000000
11.3600 0.00000000000000000000 0.00000000000000000000
11.3800 0.00000000000000000000 0.00000000000000000000
11.4000 0.00000000000000000000 0.00000000000000000000
11.4200 0.00000000000000000000 0.00000000000000000000
11.4400 0.00000000000000000000 0.00000000000000000000
11.4600 0.00000000000000000000 0.00000000000000000000
11.4800 0.00000000000000000000 0.00000000000000000000
11.5000 0.00000000000000000000 0.00000000000000000000
11.5200 0.00000000000000000000 0.00000000000000000000
11.5400 0.00000000000000000000 0.00000000000000000000
11.5600 0.00000000000000000000 0.00000000000000000000
11.5800 0.00000000000000000000 0.00000000000000000000
11.6000 0.00000000000000000000 0.00000000000000000000
11.6200 0.00000000000000000000 0.00000000000000000000
11.6400 0.00000000000000000000 0.00000000000000000000
11.6600 0.00000000000000000000 0.00000000000000000000
11.6800 0.00000000000000000000 0.00000000000000000000
11.7000 0.00000000000000000000 0.00000000000000000000
11.7200 0.00000000000000000000 0.00000000000000000000
11.7400 0.00000000000000000000 0.00000000000000000000
11.7600 0.00000000000000000000 0.00000000000000000000
11.7800 0.00000000000000000000 0.00000000000000000000
11.8000 0.00000000000000000000 0.00000000000000000000
11.8200 0.00000000000000000000 0.00000000000000000000
11.8400 0.00000000000000000000 0.00000000000000000000
11.8600 0.00000000000000000000 0.00000000000000000000
11.8800 0.00000000000000000000 0.00000000000000000000
11.9000 0.00000000000000000000 0.00000000000000000000
11.9200 0.00000000000000000000 0.00000000000000000000
11.9400 0.00000000000000000000 0.00000000000000000000
11.9600 0.00000000000000000000 0.00000000000000000000
11.9800 0.00000000000000000000 0.00000000000000000000
12.0000 0.00000000000000000000 0.00000000000000000000
12.0200 0.00000000000000000000 0.00000000000000000000
12.0400 0.00000000000000000000 0.00000000000000000000
12.0600 0.00000000000000000000 0.00000000000000000000
12.0800 0.00000000000000000000 0.00000000000000000000
12.1000 0.00000000000000000000 0.00000000000000000000
12.1200 0.00000000000000000000 0.00000000000000000000
12.1400 0.00000000000000000000 0.00000000000000000000
12.1600 0.00000000000000000000 0.00000000000000000000
12.1800 0.00000000000000000000 0.00000000000000000000
12.2000 0.00000000000000000000 0.00000000000000000000
12.2200 0.00000000000000000000 0.00000000000000000000
12.2400 0.00000000000000000000 0.00000000000000000000
12.2600 0.00000000000000000000 0.00000000000000000000
12.2800 0.00000000000000000000 0.00000000000000000000
12.3000 0.00000000000000000000 0.00000000000000000000
12.3200 0.00000000000000000000 0.00000000000000000000
12.3400 0.00000000000000000000 0.00000000000000000000
12.3600 0.00000000000000000000 0.00000000000000000000
12.3800 0.00000000000000000000 0.00000000000000000000
12.4000 0.00000000000000000000 0.00000000000000000000
12.4200 0.00000000000000000000 0.00000000000000000000
12.4400 0.00000000000000000000 0.00000000000000000000
12.4600 0.00000000000000000000 0.00000000000000000000
12.4800 0.00000000000000000000 0.00000000000000000000
12.5000 0.00000000000000000000 0.00000000000000000000
12.5200 0.00000000000000000000 0.00000000000000000000
12.5400 0.00000000000000000000 0.00000000000000000000
12.5600 0.00000000000000000000 0.00000000000000000000
12.5800 0.00000000000000000000 0.00000000000000000000
12.6000 0.00000000000000000000 0.00000000000000000000
12.6200 0.00000000000000000000 0.00000000000000000000
12.6400 0.00000000000000000000 0.00000000000000000000
12.6600 0.00000000000000000000 0.00000000000000000000
12.6800 0.00000000000000000000 0.00000000000000000000
12.7000 0.00000000000000000000 0.00000000000000000000
12.7200 0.00000000000000000000 0.00000000000000000000
12.7400 0.00000000000000000000 0.00000000000000000000
12.7600 0.00000000000000000000 0.00000000000000000000
12.7800 0.00000000000000000000 0.00000000000000000000
12.8000 0.00000000000000000000 0.00000000000000000000
12.8200 0.00000000000000000000 0.00000000000000000000
12.8400 0.00000000000000000000 0.00000000000000000000
12.8600 0.00000000000000000000 0.00000000000000000000
12.8800 0.00000000000000000000 0.00000000000000000000
12.9000 0.00000000000000000000 0.00000000000000000000
12.9200 0.00000000000000000000 0.00000000000000000000
12.9400 0.00000000000000000000 0.00000000000000000000
12.9600 0.00000000000000000000 0.00000000000000000000
12.9800 0.00000000000000000000 0.00000000000000000000
13.0000 0.00000000000000000000 0.00000000000000000000
13.0200 0.00000000000000000000 0.00000000000000000000
13.0400 0.00000000000000000000 0.00000000000000000000
13.0600 0.00000000000000000000 0.00000000000000000000
13.0800 0.00000000000000000000 0.00000000000000000000
13.1000 0.00000000000000000000 0.00000000000000000000
13.1200 0.00000000000000000000 0.00000000000000000000
13.1400 0.00000000000000000000 0.00000000000000000000
13.1600 0.00000000000000000000 0.00000000000000000000
13.1800 0.00000000000000000000 0.00000000000000000000
13.2000 0.00000000000000000000 0.00000000000000000000
13.2200 0.00000000000000000000 0.00000000000000000000
13.2400 0.00000000000000000000 0.00000000000000000000
13.2600 0.00000000000000000000 0.00000000000000000000
13.2800 0.00000000000000000000 0.00000000000000000000
13.3000 0.00000000000000000000 0.00000000000000000000
13.3200 0.00000000000000000000 0.00000000000000000000
13.3400 0.00000000000000000000 0.00000000000000000000
13.3600 0.00000000000000000000 0.00000000000000000000
13.3800 0.00000000000000000000 0.00000000000000000000
13.4000 0.00000000000000000000 0.00000000000000000000
13.4200 0.00000000000000000000 0.00000000000000000000
13.4400 0.00000000000000000000 0.00000000000000000000
13.4600 0.00000000000000000000 0.00000000000000000000
13.4800 0.00000000000000000000 0.00000000000000000000
13.5000 0.00000000000000000000 0.00000000000000000000
13.5200 0.00000000000000000000 0.00000000000000000000
13.5400 0.00000000000000000000 0.00000000000000000000
13.5600 0.00000000000000000000 0.00000000000000000000
13.5800 0.00000000000000000000 0.00000000000000000000
13.6000 0.00000000000000000000 0.00000000000000000000
13.6200 0.00000000000000000000 0.00000000000000000000
13.6400 0.00000000000000000000 0.00000000000000000000
13.6600 0.00000000000000000000 0.00000000000000000000
13.6800 0.00000000000000000000 0.00000000000000000000
13.7000 0.00000000000000000000 0.00000000000000000000
13.7200 0.00000000000000000000 0.00000000000000000000
13.7400 0.00000000000000000000 0.00000000000000000000
13.7600 0.00000000000000000000 0.00000000000000000000
13.7800 0.00000000000000000000 0.00000000000000000000
13.8000 0.00000000000000000000 0.00000000000000000000
13.8200 0.00000000000000000000 0.00000000000000000000
13.8400 0.00000000000000000000 0.00000000000000000001
13.8600 0.00000000000000000000 0.00000000000000000005
13.8800 0.00000000000000000000 0.00000000000000000016
13.9000 0.00000000000000000000 0.00000000000000000146
13.9200 0.00000000000000000000 0.00000000000000000426
13.9400 0.00000000000000000000 0.00000000000000001224
13.9600 0.00000000000000000000 0.00000000000000003538
13.9800 0.00000000000000000000 0.00000000000000012522
14.0000 0.00000000000000000000 0.00000000000000030203
14.0200 0.00000000000000000000 0.00000000000000037627
14.0400 0.00000000000000000000 0.00000000000000054898
14.0600 0.00000000000000000000 0.00000000000000084353
14.0800 0.00000000000000000000 0.00000000000000189857
14.1000 0.00000000000000000000 0.00000000000000621275
14.1200 0.00000000000000000000 0.00000000000001159122
14.1400 0.00000000000000000000 0.00000000000000000039
14.1600 0.00000000000000000000 0.00000000000000000084
14.1800 0.00000000000000000000 0.00000000000000000199
14.2000 0.00000000000000000000 0.00000000000000000206
14.2200 0.00000000000000000000 0.00000000000000000358
14.2400 0.00000000000000000000 0.00000000000000000633
14.2600 0.00000000000000000000 0.00000000000000000307
14.2800 0.00000000000000000000 0.00000000000000000201
14.3000 0.00000000000000000000 0.00000000000000000570
14.3200 0.00000000000000000000 0.00000000000000000804
14.3400 0.00000000000000000000 0.00000000000000002806
14.3600 0.00000000000000000000 0.00000000000000002673
14.3800 0.00000000000000000000 0.00000000000000003395
14.4000 0.00000000000000000000 0.00000000000000008330
14.4200 0.00000000000000000000 0.00000000000000009679
14.4400 0.00000000000000000000 0.00000000000000022138
14.4600 0.00000000000000000000 0.00000000000000030292
14.4800 0.00000000000000000000 0.00000000000000044546
14.5000 0.00000000000000000000 0.00000000000000109445
14.5200 0.00000000000000000000 0.00000000000000219669
14.5400 0.00000000000000000000 0.00000000000000285215
14.5600 0.00000000000000000000 0.00000000000000615262
14.5800 0.00000000000000000000 0.00000000000000563420
14.6000 0.00000000000000000000 0.00000000000000244343
14.6200 0.00000000000000000000 0.00000000000000128789
14.6400 0.00000000000000000000 0.00000000000000093478
14.6600 0.00000000000000000000 0.00000000000000061895
14.6800 0.00000000000000000000 0.00000000000000067794
14.7000 0.00000000000000000000 0.00000000000000050022
14.7200 0.00000000000000000000 0.00000000000000110538
14.7400 0.00000000000000000000 0.00000000000000107690
14.7600 0.00000000000000000000 0.00000000000000123996
14.7800 0.00000000000000000000 0.00000000000000106390
14.8000 0.00000000000000000000 0.00000000000000128235
14.8200 0.00000000000000000000 0.00000000000000179876
14.8400 0.00000000000000000000 0.00000000000000291515
14.8600 0.00000000000000000000 0.00000000000000639344
14.8800 0.00000000000000000000 0.00000000000001880024
14.9000 0.00000000000000000000 0.00000000000010809071
14.9200 0.00000000000000000000 0.00000000000028819229
14.9400 0.00000000000000000000 0.00000000000080696239
14.9600 0.00000000000000000000 0.00000000000387076132
14.9800 0.00000000000000000000 0.00000000000695981913
15.0000 0.00000000000000000000 0.00000000000343080365
15.0200 0.00000000000000000000 0.00000000000525249796
15.0400 0.00000000000000000000 0.00000000000817749573
15.0600 0.00000000000000000000 0.00000000000608232523
15.0800 0.00000000000000000000 0.00000000000423843141
15.1000 0.00000000000000000000 0.00000000000362065686
15.1200 0.00000000000000000000 0.00000000000184984871
15.1400 0.00000000000000000000 0.00000000000167474444
15.1600 0.00000000000000000000 0.00000000000298882835
15.1800 0.00000000000000000000 0.00000000000942372515
15.2000 0.00000000000000000000 0.00000000001558435746
15.2200 0.00000000000000000000 0.00000000000944277322
15.2400 0.00000000000000000000 0.00000000001255785482
15.2600 0.00000000000000000000 0.00000000000664645319
15.2800 0.00000000000000000000 0.00000000001099770727
15.3000 0.00000000000000000000 0.00000000002673467977
15.3200 0.00000000000000000000 0.00000000007263799836
15.3400 0.00000000000000000000 0.00000000011032193684
15.3600 0.00000000000000000000 0.00000000021669964494
15.3800 0.00000000000000000000 0.00000000015699105386
15.4000 0.00000000000000000000 0.00000000009891995142
15.4200 0.00000000000000000001 0.00000000012380844475
15.4400 0.00000000000000000005 0.00000000006414174129
15.4600 0.00000000000000000007 0.00000000005027942090
15.4800 0.00000000000000000004 0.00000000005189825442
15.5000 0.00000000000000000007 0.00000000005551046300
15.5200 0.00000000000000000004 0.00000000008232265862
15.5400 0.00000000000000000001 0.00000000007561988756
15.5600 0.00000000000000000001 0.00000000004304125535
15.5800 0.00000000000000000003 0.00000000003476937898
15.6000 0.00000000000000000008 0.00000000004107685924
15.6200 0.00000000000000000008 0.00000000002989994428
15.6400 0.00000000000000000006 0.00000000001322329856
15.6600 0.00000000000000000007 0.00000000000794025115
15.6800 0.00000000000000000081 0.00000000000646109993
15.7000 0.00000000000000000390 0.00000000000514269364
15.7200 0.00000000000000000067 0.00000000000430778432
15.7400 0.00000000000000000009 0.00000000000404642899
15.7600 0.00000000000000000002 0.00000000000186393423
15.7800 0.00000000000000000001 0.00000000000220290566
15.8000 0.00000000000000000002 0.00000000000706715615
15.8200 0.00000000000000000006 0.00000000001139369948
15.8400 0.00000000000000000005 0.00000000002016422223
15.8600 0.00000000000000000004 0.00000000002038089806
15.8800 0.00000000000000000006 0.00000000004859787621
15.9000 0.00000000000000000001 0.00000000019776471483
15.9200 0.00000000000000000000 0.00000000013708052392
15.9400 0.00000000000000000000 0.00000000018820800283
15.9600 0.00000000000000000000 0.00000000016349443095
15.9800 0.00000000000000000000 0.00000000009490134276
16.0000 0.00000000000000000000 0.00000000005269954347
16.0200 0.00000000000000000000 0.00000000002511010380
16.0400 0.00000000000000000000 0.00000000002833121675
16.0600 0.00000000000000000000 0.00000000001861275901
16.0800 0.00000000000000000001 0.00000000001404875275
16.1000 0.00000000000000000005 0.00000000002494412176
16.1200 0.00000000000000000334 0.00000000008415562156
16.1400 0.00000000000000001086 0.00000000002825285094
16.1600 0.00000000000000001524 0.00000000000953853040
16.1800 0.00000000000000001107 0.00000000001189071028
16.2000 0.00000000000000000486 0.00000000000282365469
16.2200 0.00000000000000000053 0.00000000000086438282
16.2400 0.00000000000000000002 0.00000000000069406577
16.2600 0.00000000000000000001 0.00000000000036075299
16.2800 0.00000000000000000001 0.00000000000033467463
16.3000 0.00000000000000000000 0.00000000000077767483
16.3200 0.00000000000000000000 0.00000000000214630213
16.3400 0.00000000000000000000 0.00000000000593787053
16.3600 0.00000000000000000000 0.00000000000323217187
16.3800 0.00000000000000000000 0.00000000000233529230
16.4000 0.00000000000000000000 0.00000000000073889415
16.4200 0.00000000000000000000 0.00000000000036790223
16.4400 0.00000000000000000000 0.00000000000011096867
16.4600 0.00000000000000000000 0.00000000000004258435
16.4800 0.00000000000000000000 0.00000000000000994658
16.5000 0.00000000000000000000 0.00000000000003750006
16.5200 0.00000000000000000000 0.00000000000002977477
16.5400 0.00000000000000000000 0.00000000000006917609
16.5600 0.00000000000000000000 0.00000000000032557732
16.5800 0.00000000000000000000 0.00000000000059521292
16.6000 0.00000000000000000000 0.00000000000797173025
16.6200 0.00000000000000000000 0.00000000003990016521
16.6400 0.00000000000000000000 0.00000000005693991717
16.6600 0.00000000000000000000 0.00000000006765816846
16.6800 0.00000000000000000000 0.00000000007921196488
16.7000 0.00000000000000000000 0.00000000001129863907
16.7200 0.00000000000000000000 0.00000000000038754077
16.7400 0.00000000000000000000 0.00000000000004632105
16.7600 0.00000000000000000006 0.00000000000005993937
16.7800 0.00000000000000000003 0.00000000000002899896
16.8000 0.00000000000000000001 0.00000000000000718284
16.8200 0.00000000000000000000 0.00000000000002349924
16.8400 0.00000000000000000000 0.00000000000043988642
16.8600 0.00000000000000000000 0.00000000000710864108
16.8800 0.00000000000000000000 0.00000000003590847631
16.9000 0.00000000000000000000 0.00000000008733600958
16.9200 0.00000000000000000000 0.00000000007182369954
16.9400 0.00000000000000000000 0.00000000052826027278
16.9600 0.00000000000000000000 0.00000000178319477135
16.9800 0.00000000000000000000 0.00000000168944126406
17.0000 0.00000000000000000000 0.00000000081734766097
17.0200 0.00000000000000000000 0.00000000064534082616
17.0400 0.00000000000000000000 0.00000000020701056506
17.0600 0.00000000000000000001 0.00000000012314163330
17.0800 0.00000000000000000005 0.00000000009746683011
17.1000 0.00000000000000000011 0.00000000012000659126
17.1200 0.00000000000000000012 0.00000000150136114512
17.1400 0.00000000000000000001 0.00000002151571745565
17.1600 0.00000000000000000000 0.00000009662177160473
17.1800 0.00000000000000000000 0.00000019928092511735
17.2000 0.00000000000000000000 0.00000024710642875671
17.2200 0.00000000000000000000 0.00000013683454952244
17.2400 0.00000000000000000000 0.00000017126221992832
17.2600 0.00000000000000000000 0.00000005357514435716
17.2800 0.00000000000000000000 0.00000001913545333010
17.3000 0.00000000000000000000 0.00000000929380605872
17.3200 0.00000000000000000000 0.00000001388141358384
17.3400 0.00000000000000000000 0.00000004450223635311
17.3600 0.00000000000000000000 0.00000015368000677190
17.3800 0.00000000000000000000 0.00000024896057115918
17.4000 0.00000000000000000000 0.00000037182141471324
17.4200 0.00000000000000000000 0.00000117535130175350
17.4400 0.00000000000000000000 0.00000285782365109331
17.4600 0.00000000000000000000 0.00000769782163061366
17.4800 0.00000000000000000001 0.00000592303400994503
17.5000 0.00000000000000000004 0.00000365275295242867
17.5200 0.00000000000000000002 0.00000200604783373304
17.5400 0.00000000000000000000 0.00000136462676596518
17.5600 0.00000000000000000000 0.00000024227886975773
17.5800 0.00000000000000000000 0.00000010160179833744
17.6000 0.00000000000000000000 0.00000002816520054940
17.6200 0.00000000000000000000 0.00000000245094708969
17.6400 0.00000000000000000000 0.00000000123512904787
17.6600 0.00000000000000000000 0.00000000039083908191
17.6800 0.00000000000000000000 0.00000000058925892319
17.7000 0.00000000000000000000 0.00000000008749421023
17.7200 0.00000000000000000000 0.00000000021645101141
17.7400 0.00000000000000000000 0.00000000640512639263
17.7600 0.00000000000000000000 0.00000000559051415861
17.7800 0.00000000000000000000 0.00000000123940365005
17.8000 0.00000000000000000000 0.00000000172890842107
17.8200 0.00000000000000000000 0.00000000089236010367
17.8400 0.00000000000000000000 0.00000000035919204637
17.8600 0.00000000000000000000 0.00000000011384347198
17.8800 0.00000000000000000001 0.00000000009694226465
17.9000 0.00000000000000000001 0.00000000008536865931
17.9200 0.00000000000000000001 0.00000000029006539953
17.9400 0.00000000000000000000 0.00000000041090913881
17.9600 0.00000000000000000000 0.00000000166695716223
17.9800 0.00000000000000000000 0.00000000226463776718
18.0000 0.00000000000000000000 0.00000000345937003233
18.0200 0.00000000000000000000 0.00000000438814824113
18.0400 0.00000000000000000000 0.00000000623889237991
18.0600 0.00000000000000000000 0.00000000483310442088
18.0800 0.00000000000000000000 0.00000000114884082048
18.1000 0.00000000000000000000 0.00000000043546582121
18.1200 0.00000000000000000000 0.00000000003757552781
18.1400 0.00000000000000000000 0.00000000000283534665
18.1600 0.00000000000000000000 0.00000000000067772793
18.1800 0.00000000000000000000 0.00000000000018051489
18.2000 0.00000000000000000001 0.00000000000054454155
18.2200 0.00000000000000000002 0.00000000000196657056
18.2400 0.00000000000000000005 0.00000000000298999819
18.2600 0.00000000000000000000 0.00000000000424336182
18.2800 0.00000000000000000000 0.00000000000937395612
18.3000 0.00000000000000000000 0.00000000004576677742
18.3200 0.00000000000000000000 0.00000000051048944446
18.3400 0.00000000000000000000 0.00000000220834668456
18.3600 0.00000000000000000000 0.00000000120768143072
18.3800 0.00000000000000000000 0.00000000043226896271
18.4000 0.00000000000000000000 0.00000000006077689259
18.4200 0.00000000000000000000 0.00000000001216581864
18.4400 0.00000000000000000000 0.00000000000130123893
18.4600 0.00000000000000000000 0.00000000000027399636
18.4800 0.00000000000000000000 0.00000000000007508069
18.5000 0.00000000000000000000 0.00000000000007374678
18.5200 0.00000000000000000000 0.00000000000011196925
18.5400 0.00000000000000000000 0.00000000000048338911
18.5600 0.00000000000000000000 0.00000000000176352159
18.5800 0.00000000000000000000 0.00000000000478292988
18.6000 0.00000000000000000000 0.00000000000714862825
18.6200 0.00000000000000000001 0.00000000001381140907
18.6400 0.00000000000000000002 0.00000000001473218003
18.6600 0.00000000000000000005 0.00000000000499653533
18.6800 0.00000000000000000004 0.00000000000123031837
18.7000 0.00000000000000000001 0.00000000000062159173
18.7200 0.00000000000000000001 0.00000000000037324736
18.7400 0.00000000000000000000 0.00000000000105009592
18.7600 0.00000000000000000001 0.00000000000137444273
18.7800 0.00000000000000000004 0.00000000000403801669
18.8000 0.00000000000000000049 0.00000000001366842451
18.8200 0.00000000000000000870 0.00000000000777203750
18.8400 0.00000000000000004631 0.00000000001048237551
18.8600 0.00000000000000000875 0.00000000001007377372
18.8800 0.00000000000000000096 0.00000000001198695506
18.9000 0.00000000000000000018 0.00000000000683654767
18.9200 0.00000000000000000003 0.00000000000287336547
18.9400 0.00000000000000000001 0.00000000000223150548
18.9600 0.00000000000000000000 0.00000000000351523676
18.9800 0.00000000000000000000 0.00000000000389315463
19.0000 0.00000000000000000000 0.00000000000743050350
19.0200 0.00000000000000000000 0.00000000001668291872
19.0400 0.00000000000000000000 0.00000000008247919306
19.0600 0.00000000000000000000 0.00000000023360946552
19.0800 0.00000000000000000000 0.00000000041310651201
19.1000 0.00000000000000000005 0.00000000047003898763
19.1200 0.00000000000000000006 0.00000000010443157471
19.1400 0.00000000000000000005 0.00000000000977003073
19.1600 0.00000000000000000003 0.00000000000317348837
19.1800 0.00000000000000000004 0.00000000000162253009
19.2000 0.00000000000000000002 0.00000000000044847539
19.2200 0.00000000000000000002 0.00000000000026392882
19.2400 0.00000000000000000005 0.00000000000021283577
19.2600 0.00000000000000000006 0.00000000000008015209
19.2800 0.00000000000000000035 0.00000000000006406451
19.3000 0.00000000000000000083 0.00000000000011363780
19.3200 0.00000000000000000033 0.00000000000012011265
19.3400 0.00000000000000000006 0.00000000000018638337
19.3600 0.00000000000000000006 0.00000000000049168921
19.3800 0.00000000000000000007 0.00000000000092591325
19.4000 0.00000000000000000005 0.00000000000243406981
19.4200 0.00000000000000000009 0.00000000000344112608
19.4400 0.00000000000000000002 0.00000000000848366333
19.4600 0.00000000000000000001 0.00000000003654442312
19.4800 0.00000000000000000001 0.00000000006030724064
19.5000 0.00000000000000000002 0.00000000006120725973
19.5200 0.00000000000000000004 0.00000000015724221637
19.5400 0.00000000000000000008 0.00000000027415660061
19.5600 0.00000000000000000014 0.00000000042311405712
19.5800 0.00000000000000000000 0.00000000065631607844
19.6000 0.00000000000000000000 0.00000000046114309845
19.6200 0.00000000000000000000 0.00000000044949344470
19.6400 0.00000000000000000000 0.00000000074441952665
19.6600 0.00000000000000000000 0.00000000094506401685
19.6800 0.00000000000000000000 0.00000000059813040501
19.7000 0.00000000000000000000 0.00000000033137980880
19.7200 0.00000000000000000000 0.00000000005169317886
19.7400 0.00000000000000000000 0.00000000003460593904
19.7600 0.00000000000000000000 0.00000000007278445406
19.7800 0.00000000000000000000 0.00000000016418677836
19.8000 0.00000000000000000000 0.00000000024296681914
19.8200 0.00000000000000000000 0.00000000018622894209
19.8400 0.00000000000000000000 0.00000000005689970139
19.8600 0.00000000000000000000 0.00000000003581042291
19.8800 0.00000000000000000000 0.00000000000936694079
19.9000 0.00000000000000000000 0.00000000000841004370
19.9200 0.00000000000000000000 0.00000000000806528947
19.9400 0.00000000000000000000 0.00000000000780050883
19.9600 0.00000000000000000000 0.00000000000753187922
19.9800 0.00000000000000000000 0.00000000001532722169
20.0000 0.00000000000000000000 0.00000000001900036941
20.0200 0.00000000000000000000 0.00000000002261702958
20.0400 0.00000000000000000000 0.00000000002325935078
20.0600 0.00000000000000000000 0.00000000000628980846
20.0800 0.00000000000000000000 0.00000000000147949919
20.1000 0.00000000000000000000 0.00000000000019519936
20.1200 0.00000000000000000000 0.00000000000006111526
20.1400 0.00000000000000000000 0.00000000000002579422
20.1600 0.00000000000000000000 0.00000000000001099815
20.1800 0.00000000000000000000 0.00000000000000710706
20.2000 0.00000000000000000000 0.00000000000000368215
20.2200 0.00000000000000000000 0.00000000000000167549
20.2400 0.00000000000000000000 0.00000000000000261040
20.2600 0.00000000000000000000 0.00000000000000741927
20.2800 0.00000000000000000000 0.00000000000002094732
20.3000 0.00000000000000000000 0.00000000000001182792
20.3200 0.00000000000000000000 0.00000000000000849905
20.3400 0.00000000000000000000 0.00000000000000983713
20.3600 0.00000000000000000000 0.00000000000000394114
20.3800 0.00000000000000000000 0.00000000000000244077
20.4000 0.00000000000000000000 0.00000000000000353744
20.4200 0.00000000000000000000 0.00000000000000340491
20.4400 0.00000000000000000000 0.00000000000000346659
20.4600 0.00000000000000000000 0.00000000000000526772
20.4800 0.00000000000000000000 0.00000000000000720164
20.5000 0.00000000000000000000 0.00000000000000462197
20.5200 0.00000000000000000000 0.00000000000000297991
20.5400 0.00000000000000000000 0.00000000000000133151
20.5600 0.00000000000000000000 0.00000000000000077913
20.5800 0.00000000000000000000 0.00000000000000074871
20.6000 0.00000000000000000000 0.00000000000000012518
20.6200 0.00000000000000000000 0.00000000000000004806
20.6400 0.00000000000000000000 0.00000000000000002837
20.6600 0.00000000000000000000 0.00000000000000001217
20.6800 0.00000000000000000000 0.00000000000000000367
20.7000 0.00000000000000000000 0.00000000000000000662
20.7200 0.00000000000000000000 0.00000000000000001715
20.7400 0.00000000000000000000 0.00000000000000002082
20.7600 0.00000000000000000000 0.00000000000000001242
20.7800 0.00000000000000000000 0.00000000000000000609
20.8000 0.00000000000000000000 0.00000000000000000382
20.8200 0.00000000000000000000 0.00000000000000000274
20.8400 0.00000000000000000000 0.00000000000000000143
20.8600 0.00000000000000000000 0.00000000000000000022
20.8800 0.00000000000000000000 0.00000000000000618485
20.9000 0.00000000000000000000 0.00000000000000386297
20.9200 0.00000000000000000000 0.00000000000000185435
20.9400 0.00000000000000000000 0.00000000000000087161
20.9600 0.00000000000000000000 0.00000000000000044479
20.9800 0.00000000000000000000 0.00000000000000029156
21.0000 0.00000000000000000000 0.00000000000000025305
21.0200 0.00000000000000000000 0.00000000000000014838
21.0400 0.00000000000000000000 0.00000000000000009326
21.0600 0.00000000000000000000 0.00000000000000006717
21.0800 0.00000000000000000000 0.00000000000000002908
21.1000 0.00000000000000000000 0.00000000000000000721
21.1200 0.00000000000000000000 0.00000000000000000103
21.1400 0.00000000000000000000 0.00000000000000000010
21.1600 0.00000000000000000000 0.00000000000000000002
21.1800 0.00000000000000000000 0.00000000000000000001
21.2000 0.00000000000000000000 0.00000000000000000000
21.2200 0.00000000000000000000 0.00000000000000000000
21.2400 0.00000000000000000000 0.00000000000000000000
21.2600 0.00000000000000000000 0.00000000000000000000
21.2800 0.00000000000000000000 0.00000000000000000000
21.3000 0.00000000000000000000 0.00000000000000000000
21.3200 0.00000000000000000000 0.00000000000000000000
21.3400 0.00000000000000000000 0.00000000000000000000
21.3600 0.00000000000000000000 0.00000000000000000000
21.3800 0.00000000000000000000 0.00000000000000000000
21.4000 0.00000000000000000000 0.00000000000000000000
21.4200 0.00000000000000000000 0.00000000000000000000
21.4400 0.00000000000000000000 0.00000000000000000000
21.4600 0.00000000000000000000 0.00000000000000000000
21.4800 0.00000000000000000000 0.00000000000000000000
21.5000 0.00000000000000000000 0.00000000000000000000
21.5200 0.00000000000000000000 0.00000000000000000000
21.5400 0.00000000000000000000 0.00000000000000000000
21.5600 0.00000000000000000000 0.00000000000000000000
21.5800 0.00000000000000000000 0.00000000000000000000
21.6000 0.00000000000000000000 0.00000000000000000000
21.6200 0.00000000000000000000 0.00000000000000000000
21.6400 0.00000000000000000000 0.00000000000000000000
21.6600 0.00000000000000000000 0.00000000000000000000
21.6800 0.00000000000000000000 0.00000000000000000000
21.7000 0.00000000000000000000 0.00000000000000000000
21.7200 0.00000000000000000000 0.00000000000000000000
21.7400 0.00000000000000000000 0.00000000000000000000
21.7600 0.00000000000000000000 0.00000000000000000000
21.7800 0.00000000000000000000 0.00000000000000000000
21.8000 0.00000000000000000000 0.00000000000000000000
21.8200 0.00000000000000000000 0.00000000000000000000
21.8400 0.00000000000000000000 0.00000000000000000000
21.8600 0.00000000000000000000 0.00000000000000000000
21.8800 0.00000000000000000000 0.00000000000000000000
21.9000 0.00000000000000000000 0.00000000000000000000
21.9200 0.00000000000000000000 0.00000000000000000000
21.9400 0.00000000000000000000 0.00000000000000000000
21.9600 0.00000000000000000000 0.00000000000000000000
21.9800 0.00000000000000000000 0.00000000000000000000
22.0000 0.00000000000000000000 0.00000000000000000000
22.0200 0.00000000000000000000 0.00000000000000000000
22.0400 0.00000000000000000000 0.00000000000000000000
22.0600 0.00000000000000000000 0.00000000000000000000
22.0800 0.00000000000000000000 0.00000000000000000000
22.1000 0.00000000000000000000 0.00000000000000000000
22.1200 0.00000000000000000000 0.00000000000000000000
22.1400 0.00000000000000000000 0.00000000000000000000
22.1600 0.00000000000000000000 0.00000000000000000000
22.1800 0.00000000000000000000 0.00000000000000000000
22.2000 0.00000000000000000000 0.00000000000000000000
22.2200 0.00000000000000000000 0.00000000000000000000
22.2400 0.00000000000000000000 0.00000000000000000000
22.2600 0.00000000000000000000 0.00000000000000000000
22.2800 0.00000000000000000000 0.00000000000000000000
22.3000 0.00000000000000000000 0.00000000000000000000
22.3200 0.00000000000000000000 0.00000000000000000000
22.3400 0.00000000000000000000 0.00000000000000000000
22.3600 0.00000000000000000000 0.00000000000000000000
22.3800 0.00000000000000000000 0.00000000000000000000
22.4000 0.00000000000000000000 0.00000000000000000000
22.4200 0.00000000000000000000 0.00000000000000000000
22.4400 0.00000000000000000000 0.00000000000000000000
22.4600 0.00000000000000000000 0.00000000000000000000
22.4800 0.00000000000000000000 0.00000000000000000000
22.5000 0.00000000000000000000 0.00000000000000000000
22.5200 0.00000000000000000000 0.00000000000000000000
22.5400 0.00000000000000000000 0.00000000000000000000
22.5600 0.00000000000000000000 0.00000000000000000000
22.5800 0.00000000000000000000 0.00000000000000000000
22.6000 0.00000000000000000000 0.00000000000000000000
22.6200 0.00000000000000000000 0.00000000000000000000
22.6400 0.00000000000000000000 0.00000000000000000000
22.6600 0.00000000000000000000 0.00000000000000000000
22.6800 0.00000000000000000000 0.00000000000000000000
22.7000 0.00000000000000000000 0.00000000000000000000
22.7200 0.00000000000000000000 0.00000000000000000000
22.7400 0.00000000000000000000 0.00000000000000000000
22.7600 0.00000000000000000000 0.00000000000000000000
22.7800 0.00000000000000000000 0.00000000000000000000
22.8000 0.00000000000000000000 0.00000000000000000000
22.8200 0.00000000000000000000 0.00000000000000000000
22.8400 0.00000000000000000000 0.00000000000000000000
22.8600 0.00000000000000000000 0.00000000000000000000
22.8800 0.00000000000000000000 0.00000000000000000000
22.9000 0.00000000000000000000 0.00000000000000000000
22.9200 0.00000000000000000000 0.00000000000000000000
22.9400 0.00000000000000000000 0.00000000000000000000
22.9600 0.00000000000000000000 0.00000000000000000000
22.9800 0.00000000000000000000 0.00000000000000000000
23.0000 0.00000000000000000000 0.00000000000000000000
23.0200 0.00000000000000000000 0.00000000000000000000
23.0400 0.00000000000000000000 0.00000000000000000000
23.0600 0.00000000000000000000 0.00000000000000000000
23.0800 0.00000000000000000000 0.00000000000000000000
23.1000 0.00000000000000000000 0.00000000000000000000
23.1200 0.00000000000000000000 0.00000000000000000000
23.1400 0.00000000000000000000 0.00000000000000000000
23.1600 0.00000000000000000000 0.00000000000000000000
23.1800 0.00000000000000000000 0.00000000000000000000
23.2000 0.00000000000000000000 0.00000000000000000000
23.2200 0.00000000000000000000 0.00000000000000000000
23.2400 0.00000000000000000000 0.00000000000000000000
23.2600 0.00000000000000000000 0.00000000000000000000
23.2800 0.00000000000000000000 0.00000000000000000000
23.3000 0.00000000000000000000 0.00000000000000000000
23.3200 0.00000000000000000000 0.00000000000000000000
23.3400 0.00000000000000000000 0.00000000000000000000
23.3600 0.00000000000000000000 0.00000000000000000000
23.3800 0.00000000000000000000 0.00000000000000000000
23.4000 0.00000000000000000000 0.00000000000000000000
23.4200 0.00000000000000000000 0.00000000000000000000
23.4400 0.00000000000000000000 0.00000000000000000000
23.4600 0.00000000000000000000 0.00000000000000000000
23.4800 0.00000000000000000000 0.00000000000000000000
23.5000 0.00000000000000000000 0.00000000000000000000
23.5200 0.00000000000000000000 0.00000000000000000000
23.5400 0.00000000000000000000 0.00000000000000000000
23.5600 0.00000000000000000000 0.00000000000000000000
23.5800 0.00000000000000000000 0.00000000000000000000
23.6000 0.00000000000000000000 0.00000000000000000000
23.6200 0.00000000000000000000 0.00000000000000000000
23.6400 0.00000000000000000000 0.00000000000000000000
23.6600 0.00000000000000000000 0.00000000000000000000
23.6800 0.00000000000000000000 0.00000000000000000000
23.7000 0.00000000000000000000 0.00000000000000000000
23.7200 0.00000000000000000000 0.00000000000000000000
23.7400 0.00000000000000000000 0.00000000000000000000
23.7600 0.00000000000000000000 0.00000000000000000000
23.7800 0.00000000000000000000 0.00000000000000000000
23.8000 0.00000000000000000000 0.00000000000000000000
23.8200 0.00000000000000000000 0.00000000000000000000
23.8400 0.00000000000000000000 0.00000000000000000000
23.8600 0.00000000000000000000 0.00000000000000000000
23.8800 0.00000000000000000000 0.00000000000000000000
23.9000 0.00000000000000000000 0.00000000000000000000
23.9200 0.00000000000000000000 0.00000000000000000000
23.9400 0.00000000000000000000 0.00000000000000000000
23.9600 0.00000000000000000000 0.00000000000000000000
23.9800 0.00000000000000000000 0.00000000000000000000
24.0000 0.00000000000000000000 0.00000000000000000000
24.0200 0.00000000000000000000 0.00000000000000000000
24.0400 0.00000000000000000000 0.00000000000000000000
24.0600 0.00000000000000000000 0.00000000000000000000
24.0800 0.00000000000000000000 0.00000000000000000000
24.1000 0.00000000000000036398 0.00000000000000000000
24.1200 0.00000000035112648658 0.00000000000000000000
24.1400 0.00000323772373878356 0.00000000000000000000
24.1600 0.00000000046751943516 0.00000000000000000000
24.1800 0.00000000000000000184 0.00000000000000000000
24.2000 0.00000000000000000000 0.00000000000000000000
24.2200 0.00000000000000000000 0.00000000000000000000
24.2400 0.00000000000000000000 0.00000000000000000000
24.2600 0.00000000000000000000 0.00000000000000000000
24.2800 0.00000000000000000000 0.00000000000000000000
24.3000 0.00000000000000000000 0.00000000000000000000
24.3200 0.00000000000000000000 0.00000000000000000000
24.3400 0.00000000000000000000 0.00000000000000000000
24.3600 0.00000000000000000000 0.00000000000000000000
24.3800 0.00000000000000000000 0.00000000000000000000
24.4000 0.00000000000000000000 0.00000000000000000000
24.4200 0.00000000000000000000 0.00000000000000000000
24.4400 0.00000000000000000000 0.00000000000000000000
24.4600 0.00000000000000000000 0.00000000000000000000
24.4800 0.00000000000000000000 0.00000000000000000000
24.5000 0.00000000000000000000 0.00000000000000000000
24.5200 0.00000000000000000000 0.00000000000000000000
24.5400 0.00000000000000000000 0.00000000000000000000
24.5600 0.00000000000000000000 0.00000000000000000000
24.5800 0.00000000000000000000 0.00000000000000000000
24.6000 0.00000000000000000000 0.00000000000000000000
24.6200 0.00000000000000000000 0.00000000000000000000
24.6400 0.00000000000000000000 0.00000000000000000000
24.6600 0.00000000000000000000 0.00000000000000000000
24.6800 0.00000000000000000000 0.00000000000000000000
24.7000 0.00000000000000000000 0.00000000000000000000
24.7200 0.00000000000000000000 0.00000000000000000000
24.7400 0.00000000000000000000 0.00000000000000000000
24.7600 0.00000000000000000000 0.00000000000000000000
24.7800 0.00000000000000000000 0.00000000000000000000
24.8000 0.00000000000000000000 0.00000000000000000000
24.8200 0.00000000000000000000 0.00000000000000000000
24.8400 0.00000000000000000000 0.00000000000000000000
24.8600 0.00000000000000000000 0.00000000000000000000
24.8800 0.00000000000000000000 0.00000000000000000000
24.9000 0.00000000000000000000 0.00000000000000000000
24.9200 0.00000000000000000000 0.00000000000000000000
24.9400 0.00000000000000000000 0.00000000000000000000
24.9600 0.00000000000000000000 0.00000000000000000000
24.9800 0.00000000000000000000 0.00000000000000000000
25.0000 0.00000000000000000000 0.00000000000000000000
25.0200 0.00000000000000000000 0.00000000000000000000
25.0400 0.00000000000000000000 0.00000000000000000000
25.0600 0.00000000000000000000 0.00000000000000000000
25.0800 0.00000000000000000000 0.00000000000000000000
25.1000 0.00000000000000000000 0.00000000000000000000
25.1200 0.00000000000000000000 0.00000000000000000000
25.1400 0.00000000000000000000 0.00000000000000000000
25.1600 0.00000000000000000000 0.00000000000000000000
25.1800 0.00000000000000000000 0.00000000000000000000
25.2000 0.00000000000000000000 0.00000000000000000000
25.2200 0.00000000000000000000 0.00000000000000000000
25.2400 0.00000000000000000000 0.00000000000000000000
25.2600 0.00000000000000000000 0.00000000000000000000
25.2800 0.00000000000000000000 0.00000000000000000000
25.3000 0.00000000000000000000 0.00000000000000000000
25.3200 0.00000000000000000000 0.00000000000000000000
25.3400 0.00000000000000000000 0.00000000000000000000
25.3600 0.00000000000000000000 0.00000000000000000000
25.3800 0.00000000000000000000 0.00000000000000000000
25.4000 0.00000000000000000000 0.00000000000000000000
25.4200 0.00000000000000000000 0.00000000000000000000
25.4400 0.00000000000000000000 0.00000000000000000000
25.4600 0.00000000000000000000 0.00000000000000000000
25.4800 0.00000000000000000000 0.00000000000000000000
25.5000 0.00000000000000000000 0.00000000000000000000
25.5200 0.00000000000000000000 0.00000000000000000000
25.5400 0.00000000000000000000 0.00000000000000000000
25.5600 0.00000000000000000000 0.00000000000000000000
25.5800 0.00000000000000000000 0.00000000000000000000
25.6000 0.00000000000000000000 0.00000000000000000000
25.6200 0.00000000000000000000 0.00000000000000000000
25.6400 0.00000000000000000000 0.00000000000000000000
25.6600 0.00000000000000000000 0.00000000000000000000
25.6800 0.00000000000000000000 0.00000000000000000000
25.7000 0.00000000000000000000 0.00000000000000000000
25.7200 0.00000000000000000000 0.00000000000000000000
25.7400 0.00000000000000000000 0.00000000000000000000
25.7600 0.00000000000000000000 0.00000000000000000000
25.7800 0.00000000000000000000 0.00000000000000000000
25.8000 0.00000000000000000000 0.00000000000000000000
25.8200 0.00000000000000000000 0.00000000000000000000
25.8400 0.00000000000000000000 0.00000000000000000000
25.8600 0.00000000000000000000 0.00000000000000000000
25.8800 0.00000000000000000000 0.00000000000000000000
25.9000 0.00000000000000000000 0.00000000000000000000
25.9200 0.00000000000000000000 0.00000000000000000000
25.9400 0.00000000000000000000 0.00000000000000000000
25.9600 0.00000000000000000000 0.00000000000000000000
25.9800 0.00000000000000000000 0.00000000000000000000
26.0000 0.00000000000000000000 0.00000000000000000000
26.0200 0.00000000000000000000 0.00000000000000000000
26.0400 0.00000000000000000000 0.00000000000000000000
26.0600 0.00000000000000000000 0.00000000000000000000
26.0800 0.00000000000000000000 0.00000000000000000000
26.1000 0.00000000000000000000 0.00000000000000000000
26.1200 0.00000000000000000000 0.00000000000000000000
26.1400 0.00000000000000000000 0.00000000000000000000
26.1600 0.00000000000000000000 0.00000000000000000000
26.1800 0.00000000000000000000 0.00000000000000000000
26.2000 0.00000000000000000000 0.00000000000000000000
26.2200 0.00000000000000000000 0.00000000000000000000
26.2400 0.00000000000000000000 0.00000000000000000000
26.2600 0.00000000000000000000 0.00000000000000000000
26.2800 0.00000000000000000000 0.00000000000000000000
26.3000 0.00000000000000000000 0.00000000000000000000
26.3200 0.00000000000000000000 0.00000000000000000000
26.3400 0.00000000000000000000 0.00000000000000000000
26.3600 0.00000000000000000000 0.00000000000000000000
26.3800 0.00000000000000000000 0.00000000000000000000
26.4000 0.00000000000000000000 0.00000000000000000000
26.4200 0.00000000000000000000 0.00000000000000000000
26.4400 0.00000000000000000000 0.00000000000000000000
26.4600 0.00000000000000000000 0.00000000000000000000
26.4800 0.00000000000000000000 0.00000000000000000000
26.5000 0.00000000000000000000 0.00000000000000000000
26.5200 0.00000000000000000000 0.00000000000000000000
26.5400 0.00000000000000000000 0.00000000000000000000
26.5600 0.00000000000000000000 0.00000000000000000000
26.5800 0.00000000000000000000 0.00000000000000000000
26.6000 0.00000000000000000000 0.00000000000000000000
26.6200 0.00000000000000000000 0.00000000000000000000
26.6400 0.00000000000000000000 0.00000000000000000000
26.6600 0.00000000000000000000 0.00000000000000000000
26.6800 0.00000000000000000000 0.00000000000000000000
26.7000 0.00000000000000000000 0.00000000000000000000
26.7200 0.00000000000000000000 0.00000000000000000000
26.7400 0.00000000000000000000 0.00000000000000000000
26.7600 0.00000000000000000000 0.00000000000000000000
26.7800 0.00000000000000000000 0.00000000000000000000
26.8000 0.00000000000000000000 0.00000000000000000000
26.8200 0.00000000000000000000 0.00000000000000000000
26.8400 0.00000000000000000000 0.00000000000000000000
26.8600 0.00000000000000000000 0.00000000000000000000
26.8800 0.00000000000000000000 0.00000000000000000000
26.9000 0.00000000000000000000 0.00000000000000000000
26.9200 0.00000000000000000000 0.00000000000000000000
26.9400 0.00000000000000000000 0.00000000000000000000
26.9600 0.00000000000000000000 0.00000000000000000000
26.9800 0.00000000000000000000 0.00000000000000000000
27.0000 0.00000000000000000000 0.00000000000000000000
27.0200 0.00000000000000000000 0.00000000000000000000
27.0400 0.00000000000000000000 0.00000000000000000000
27.0600 0.00000000000000000000 0.00000000000000000000
27.0800 0.00000000000000000000 0.00000000000000000000
27.1000 0.00000000000000000000 0.00000000000000000000
27.1200 0.00000000000000000000 0.00000000000000000000
27.1400 0.00000000000000000000 0.00000000000000000000
27.1600 0.00000000000000000000 0.00000000000000000000
27.1800 0.00000000000000000000 0.00000000000000000000
27.2000 0.00000000000000000000 0.00000000000000000000
27.2200 0.00000000000000000000 0.00000000000000000000
27.2400 0.00000000000000000000 0.00000000000000000000
27.2600 0.00000000000000000000 0.00000000000000000000
27.2800 0.00000000000000000000 0.00000000000000000000
27.3000 0.00000000000000000000 0.00000000000000000000
27.3200 0.00000000000000000000 0.00000000000000000000
27.3400 0.00000000000000000000 0.00000000000000000000
27.3600 0.00000000000000000000 0.00000000000000000000
27.3800 0.00000000000000000000 0.00000000000000000000
27.4000 0.00000000000000000000 0.00000000000000000000
27.4200 0.00000000000000000000 0.00000000000000000000
27.4400 0.00000000000000000000 0.00000000000000000000
27.4600 0.00000000000000000000 0.00000000000000000000
27.4800 0.00000000000000000000 0.00000000000000000000
27.5000 0.00000000000000000000 0.00000000000000000000
27.5200 0.00000000000000000000 0.00000000000000000000
27.5400 0.00000000000000000000 0.00000000000000000000
27.5600 0.00000000000000000000 0.00000000000000000000
27.5800 0.00000000000000000000 0.00000000000000000000
27.6000 0.00000000000000000000 0.00000000000000000000
27.6200 0.00000000000000000000 0.00000000000000000000
27.6400 0.00000000000000000000 0.00000000000000000000
27.6600 0.00000000000000000000 0.00000000000000000000
27.6800 0.00000000000000000000 0.00000000000000000000
27.7000 0.00000000000000000000 0.00000000000000000000
27.7200 0.00000000000000000000 0.00000000000000000000
27.7400 0.00000000000000000000 0.00000000000000000000
27.7600 0.00000000000000000000 0.00000000000000000000
27.7800 0.00000000000000000000 0.00000000000000000000
27.8000 0.00000000000000000000 0.00000000000000000000
27.8200 0.00000000000000000000 0.00000000000000000000
27.8400 0.00000000000000000000 0.00000000000000000000
27.8600 0.00000000000000000000 0.00000000000000000000
27.8800 0.00000000000000000000 0.00000000000000000000
27.9000 0.00000000000000000000 0.00000000000000000000
27.9200 0.00000000000000000000 0.00000000000000000000
27.9400 0.00000000000000000000 0.00000000000000000000
27.9600 0.00000000000000000000 0.00000000000000000000
27.9800 0.00000000000000000000 0.00000000000000000000
28.0000 0.00000000000000000000 0.00000000000000000000
28.0200 0.00000000000000000000 0.00000000000000000000
28.0400 0.00000000000000000000 0.00000000000000000000
28.0600 0.00000000000000000000 0.00000000000000000000
28.0800 0.00000000000000000000 0.00000000000000000000
28.1000 0.00000000000000000000 0.00000000000000000000
28.1200 0.00000000000000000000 0.00000000000000000000
28.1400 0.00000000000000000000 0.00000000000000000000
28.1600 0.00000000000000000000 0.00000000000000000000
28.1800 0.00000000000000000000 0.00000000000000000000
28.2000 0.00000000000000000000 0.00000000000000000000
28.2200 0.00000000000000000000 0.00000000000000000000
28.2400 0.00000000000000000000 0.00000000000000000000
28.2600 0.00000000000000000000 0.00000000000000000000
28.2800 0.00000000000000000000 0.00000000000000000000
28.3000 0.00000000000000000000 0.00000000000000000000
28.3200 0.00000000000000000000 0.00000000000000000000
28.3400 0.00000000000000000000 0.00000000000000000000
28.3600 0.00000000000000000000 0.00000000000000000000
28.3800 0.00000000000000000000 0.00000000000000000000
28.4000 0.00000000000000000000 0.00000000000000000000
28.4200 0.00000000000000000000 0.00000000000000000000
28.4400 0.00000000000000000000 0.00000000000000000000
28.4600 0.00000000000000000000 0.00000000000000000000
28.4800 0.00000000000000000000 0.00000000000000000000
28.5000 0.00000000000000000000 0.00000000000000000000
28.5200 0.00000000000000000000 0.00000000000000000000
28.5400 0.00000000000000000000 0.00000000000000000000
28.5600 0.00000000000000000000 0.00000000000000000000
28.5800 0.00000000000000000000 0.00000000000000000000
28.6000 0.00000000000000000000 0.00000000000000000000
28.6200 0.00000000000000000000 0.00000000000000000000
28.6400 0.00000000000000000000 0.00000000000000000000
28.6600 0.00000000000000000000 0.00000000000000000000
28.6800 0.00000000000000000000 0.00000000000000000000
28.7000 0.00000000000000000000 0.00000000000000000000
28.7200 0.00000000000000000000 0.00000000000000000000
28.7400 0.00000000000000000000 0.00000000000000000000
28.7600 0.00000000000000000000 0.00000000000000000000
28.7800 0.00000000000000000000 0.00000000000000000000
28.8000 0.00000000000000000000 0.00000000000000000000
28.8200 0.00000000000000000000 0.00000000000000000000
28.8400 0.00000000000000000000 0.00000000000000000000
28.8600 0.00000000000000000000 0.00000000000000000000
28.8800 0.00000000000000000000 0.00000000000000000000
28.9000 0.00000000000000000000 0.00000000000000000000
28.9200 0.00000000000000000000 0.00000000000000000000
28.9400 0.00000000000000000000 0.00000000000000000000
28.9600 0.00000000000000000000 0.00000000000000000000
28.9800 0.00000000000000000000 0.00000000000000000000
29.0000 0.00000000000000000000 0.00000000000000000000
29.0200 0.00000000000000000000 0.00000000000000000000
29.0400 0.00000000000000000000 0.00000000000000000000
29.0600 0.00000000000000000000 0.00000000000000000000
29.0800 0.00000000000000000000 0.00000000000000000000
29.1000 0.00000000000000000000 0.00000000000000000000
29.1200 0.00000000000000000000 0.00000000000000000000
29.1400 0.00000000000000000000 0.00000000000000000000
29.1600 0.00000000000000000000 0.00000000000000000000
29.1800 0.00000000000000000000 0.00000000000000000000
29.2000 0.00000000000000000000 0.00000000000000000000
29.2200 0.00000000000000000000 0.00000000000000000000
29.2400 0.00000000000000000000 0.00000000000000000000
29.2600 0.00000000000000000000 0.00000000000000000000
29.2800 0.00000000000000000000 0.00000000000000000000
29.3000 0.00000000000000000000 0.00000000000000000000
29.3200 0.00000000000000000000 0.00000000000000000000
29.3400 0.00000000000000000000 0.00000000000000000000
29.3600 0.00000000000000000000 0.00000000000000000000
29.3800 0.00000000000000000000 0.00000000000000000000
29.4000 0.00000000000000000000 0.00000000000000000000
29.4200 0.00000000000000000000 0.00000000000000000000
29.4400 0.00000000000000000000 0.00000000000000000000
29.4600 0.00000000000000000000 0.00000000000000000000
29.4800 0.00000000000000000000 0.00000000000000000000
29.5000 0.00000000000000000000 0.00000000000000000000
29.5200 0.00000000000000000000 0.00000000000000000000
29.5400 0.00000000000000000000 0.00000000000000000000
29.5600 0.00000000000000000000 0.00000000000000000000
29.5800 0.00000000000000000000 0.00000000000000000000
29.6000 0.00000000000000000000 0.00000000000000000000
29.6200 0.00000000000000000000 0.00000000000000000000
29.6400 0.00000000000000000000 0.00000000000000000000
29.6600 0.00000000000000000000 0.00000000000000000000
29.6800 0.00000000000000000000 0.00000000000000000000
29.7000 0.00000000000000000000 0.00000000000000000000
29.7200 0.00000000000000000000 0.00000000000000000000
29.7400 0.00000000000000000000 0.00000000000000000000
29.7600 0.00000000000000000000 0.00000000000000000000
29.7800 0.00000000000000000000 0.00000000000000000000
29.8000 0.00000000000000000000 0.00000000000000000000
29.8200 0.00000000000000000000 0.00000000000000000000
29.8400 0.00000000000000000000 0.00000000000000000000
29.8600 0.00000000000000000000 0.00000000000000000000
29.8800 0.00000000000000000000 0.00000000000000000000
29.9000 0.00000000000000000000 0.00000000000000000000
29.9200 0.00000000000000000000 0.00000000000000000000
29.9400 0.00000000000000000000 0.00000000000000000000
29.9600 0.00000000000000000000 0.00000000000000000000
29.9800 0.00000000000000000000 0.00000000000000000000
30.0000 0.00000000000000000000 0.00000000000000000000
30.0200 0.00000000000000000000 0.00000000000000000000
30.0400 0.00000000000000000000 0.00000000000000000000
30.0600 0.00000000000000000000 0.00000000000000000000
30.0800 0.00000000000000000000 0.00000000000000000000
30.1000 0.00000000000000000000 0.00000000000000000000
30.1200 0.00000000000000000000 0.00000000000000000000
30.1400 0.00000000000000000000 0.00000000000000000000
30.1600 0.00000000000000000000 0.00000000000000000000
30.1800 0.00000000000000000000 0.00000000000000000000
30.2000 0.00000000000000000000 0.00000000000000000000
30.2200 0.00000000000000000000 0.00000000000000000000
30.2400 0.00000000000000000000 0.00000000000000000000
30.2600 0.00000000000000000000 0.00000000000000000000
30.2800 0.00000000000000000000 0.00000000000000000000
30.3000 0.00000000000000000000 0.00000000000000000000
30.3200 0.00000000000000000000 0.00000000000000000000
30.3400 0.00000000000000000000 0.00000000000000000000
30.3600 0.00000000000000000000 0.00000000000000000000
30.3800 0.00000000000000000000 0.00000000000000000000
30.4000 0.00000000000000000000 0.00000000000000000000
30.4200 0.00000000000000000000 0.00000000000000000000
30.4400 0.00000000000000000000 0.00000000000000000000
30.4600 0.00000000000000000000 0.00000000000000000000
30.4800 0.00000000000000000000 0.00000000000000000000
30.5000 0.00000000000000000000 0.00000000000000000000
30.5200 0.00000000000000000000 0.00000000000000000000
30.5400 0.00000000000000000000 0.00000000000000000000
30.5600 0.00000000000000000000 0.00000000000000000000
30.5800 0.00000000000000000000 0.00000000000000000000
30.6000 0.00000000000000000000 0.00000000000000000000
30.6200 0.00000000000000000000 0.00000000000000000000
30.6400 0.00000000000000000000 0.00000000000000000000
30.6600 0.00000000000000000000 0.00000000000000000000
30.6800 0.00000000000000000000 0.00000000000000000000
30.7000 0.00000000000000000000 0.00000000000000000000
30.7200 0.00000000000000000000 0.00000000000000000000
30.7400 0.00000000000000000000 0.00000000000000000000
30.7600 0.00000000000000000000 0.00000000000000000000
30.7800 0.00000000000000000000 0.00000000000000000000
30.8000 0.00000000000000000000 0.00000000000000000000
30.8200 0.00000000000000000000 0.00000000000000000000
30.8400 0.00000000000000000000 0.00000000000000000000
30.8600 0.00000000000000000000 0.00000000000000000000
30.8800 0.00000000000000000000 0.00000000000000000000
30.9000 0.00000000000000000000 0.00000000000000000000
30.9200 0.00000000000000000000 0.00000000000000000000
30.9400 0.00000000000000000000 0.00000000000000000000
30.9600 0.00000000000000000000 0.00000000000000000000
30.9800 0.00000000000000000000 0.00000000000000000000
31.0000 0.00000000000000000000 0.00000000000000000000
31.0200 0.00000000000000000000 0.00000000000000000000
31.0400 0.00000000000000000000 0.00000000000000000000
31.0600 0.00000000000000000000 0.00000000000000000000
31.0800 0.00000000000000000000 0.00000000000000000000
31.1000 0.00000000000000000000 0.00000000000000000000
31.1200 0.00000000000000000000 0.00000000000000000000
31.1400 0.00000000000000000000 0.00000000000000000000
31.1600 0.00000000000000000000 0.00000000000000000000
31.1800 0.00000000000000000000 0.00000000000000000000
31.2000 0.00000000000000000000 0.00000000000000000000
31.2200 0.00000000000000000000 0.00000000000000000000
31.2400 0.00000000000000000000 0.00000000000000000000
31.2600 0.00000000000000000000 0.00000000000000000000
31.2800 0.00000000000000000000 0.00000000000000000000
31.3000 0.00000000000000000000 0.00000000000000000000
31.3200 0.00000000000000000000 0.00000000000000000000
31.3400 0.00000000000000000000 0.00000000000000000000
31.3600 0.00000000000000000000 0.00000000000000000000
31.3800 0.00000000000000000000 0.00000000000000000000
31.4000 0.00000000000000000000 0.00000000000000000000
31.4200 0.00000000000000000000 0.00000000000000000000
31.4400 0.00000000000000000000 0.00000000000000000000
31.4600 0.00000000000000000000 0.00000000000000000000
31.4800 0.00000000000000000000 0.00000000000000000000
31.5000 0.00000000000000000000 0.00000000000000000000
31.5200 0.00000000000000000000 0.00000000000000000000
31.5400 0.00000000000000000000 0.00000000000000000000
31.5600 0.00000000000000000000 0.00000000000000000000
31.5800 0.00000000000000000000 0.00000000000000000000
31.6000 0.00000000000000000000 0.00000000000000000000
31.6200 0.00000000000000000000 0.00000000000000000000
31.6400 0.00000000000000000000 0.00000000000000000000
31.6600 0.00000000000000000000 0.00000000000000000000
31.6800 0.00000000000000000000 0.00000000000000000000
31.7000 0.00000000000000000000 0.00000000000000000000
31.7200 0.00000000000000000000 0.00000000000000000000
31.7400 0.00000000000000000000 0.00000000000000000000
31.7600 0.00000000000000000000 0.00000000000000000000
31.7800 0.00000000000000000000 0.00000000000000000000
31.8000 0.00000000000000000000 0.00000000000000000000
31.8200 0.00000000000000000000 0.00000000000000000000
31.8400 0.00000000000000000000 0.00000000000000000000
31.8600 0.00000000000000000000 0.00000000000000000000
31.8800 0.00000000000000000000 0.00000000000000000000
31.9000 0.00000000000000000000 0.00000000000000000000
31.9200 0.00000000000000000000 0.00000000000000000000
31.9400 0.00000000000000000000 0.00000000000000000000
31.9600 0.00000000000000000000 0.00000000000000000000
31.9800 0.00000000000000000000 0.00000000000000000000
32.0000 0.00000000000000000000 0.00000000000000000000
32.0200 0.00000000000000000000 0.00000000000000000000
32.0400 0.00000000000000000000 0.00000000000000000000
32.0600 0.00000000000000000000 0.00000000000000000000
32.0800 0.00000000000000000000 0.00000000000000000000
32.1000 0.00000000000000000000 0.00000000000000000000
32.1200 0.00000000000000000000 0.00000000000000000000
32.1400 0.00000000000000000000 0.00000000000000000000
32.1600 0.00000000000000000000 0.00000000000000000000
32.1800 0.00000000000000000000 0.00000000000000000000
32.2000 0.00000000000000000000 0.00000000000000000000
32.2200 0.00000000000000000000 0.00000000000000000000
32.2400 0.00000000000000000000 0.00000000000000000000
32.2600 0.00000000000000000000 0.00000000000000000000
32.2800 0.00000000000000000000 0.00000000000000000000
32.3000 0.00000000000000000000 0.00000000000000000000
32.3200 0.00000000000000000000 0.00000000000000000000
32.3400 0.00000000000000000000 0.00000000000000000000
32.3600 0.00000000000000000000 0.00000000000000000000
32.3800 0.00000000000000000000 0.00000000000000000000
32.4000 0.00000000000000000000 0.00000000000000000000
32.4200 0.00000000000000000000 0.00000000000000000000
32.4400 0.00000000000000000000 0.00000000000000000000
32.4600 0.00000000000000000000 0.00000000000000000000
32.4800 0.00000000000000000000 0.00000000000000000000
32.5000 0.00000000000000000000 0.00000000000000000000
32.5200 0.00000000000000000000 0.00000000000000000000
32.5400 0.00000000000000000000 0.00000000000000000000
32.5600 0.00000000000000000000 0.00000000000000000000
32.5800 0.00000000000000000000 0.00000000000000000000
32.6000 0.00000000000000000000 0.00000000000000000000
32.6200 0.00000000000000000000 0.00000000000000000000
32.6400 0.00000000000000000000 0.00000000000000000000
32.6600 0.00000000000000000000 0.00000000000000000000
32.6800 0.00000000000000000000 0.00000000000000000000
32.7000 0.00000000000000000000 0.00000000000000000000
32.7200 0.00000000000000000000 0.00000000000000000000
32.7400 0.00000000000000000000 0.00000000000000000000
32.7600 0.00000000000000000000 0.00000000000000000000
32.7800 0.00000000000000000000 0.00000000000000000000
32.8000 0.00000000000000000000 0.00000000000000000000
32.8200 0.00000000000000000000 0.00000000000000000000
32.8400 0.00000000000000000000 0.00000000000000000000
32.8600 0.00000000000000000000 0.00000000000000000000
32.8800 0.00000000000000000000 0.00000000000000000000
32.9000 0.00000000000000000000 0.00000000000000000000
32.9200 0.00000000000000000000 0.00000000000000000000
32.9400 0.00000000000000000000 0.00000000000000000000
32.9600 0.00000000000000000000 0.00000000000000000000
32.9800 0.00000000000000000000 0.00000000000000000000
33.0000 0.00000000000000000000 0.00000000000000000000
33.0200 0.00000000000000000000 0.00000000000000000000
33.0400 0.00000000000000000000 0.00000000000000000000
33.0600 0.00000000000000000000 0.00000000000000000000
33.0800 0.00000000000000000000 0.00000000000000000000
33.1000 0.00000000000000000000 0.00000000000000000000
33.1200 0.00000000000000000000 0.00000000000000000000
33.1400 0.00000000000000000000 0.00000000000000000000
33.1600 0.00000000000000000000 0.00000000000000000000
33.1800 0.00000000000000000000 0.00000000000000000000
33.2000 0.00000000000000000000 0.00000000000000000000
33.2200 0.00000000000000000000 0.00000000000000000000
33.2400 0.00000000000000000000 0.00000000000000000000
33.2600 0.00000000000000000000 0.00000000000000000000
33.2800 0.00000000000000000000 0.00000000000000000000
33.3000 0.00000000000000000000 0.00000000000000000000
33.3200 0.00000000000000000000 0.00000000000000000000
33.3400 0.00000000000000000000 0.00000000000000000000
33.3600 0.00000000000000000000 0.00000000000000000000
33.3800 0.00000000000000000000 0.00000000000000000000
33.4000 0.00000000000000000000 0.00000000000000000000
33.4200 0.00000000000000000000 0.00000000000000000000
33.4400 0.00000000000000000000 0.00000000000000000000
33.4600 0.00000000000000000000 0.00000000000000000000
33.4800 0.00000000000000000000 0.00000000000000000000
33.5000 0.00000000000000000000 0.00000000000000000000
33.5200 0.00000000000000000000 0.00000000000000000000
33.5400 0.00000000000000000000 0.00000000000000000000
33.5600 0.00000000000000000000 0.00000000000000000000
33.5800 0.00000000000000000000 0.00000000000000000000
33.6000 0.00000000000000000000 0.00000000000000000000
33.6200 0.00000000000000000000 0.00000000000000000000
33.6400 0.00000000000000000000 0.00000000000000000000
33.6600 0.00000000000000000000 0.00000000000000000000
33.6800 0.00000000000000000000 0.00000000000000000000
33.7000 0.00000000000000000000 0.00000000000000000000
33.7200 0.00000000000000000000 0.00000000000000000000
33.7400 0.00000000000000000000 0.00000000000000000000
33.7600 0.00000000000000000000 0.00000000000000000000
33.7800 0.00000000000000000000 0.00000000000000000000
33.8000 0.00000000000000000000 0.00000000000000000000
33.8200 0.00000000000000000000 0.00000000000000000000
33.8400 0.00000000000000000000 0.00000000000000000000
33.8600 0.00000000000000000000 0.00000000000000000000
33.8800 0.00000000000000000000 0.00000000000000000000
33.9000 0.00000000000000000000 0.00000000000000000000
33.9200 0.00000000000000000000 0.00000000000000000000
33.9400 0.00000000000000000000 0.00000000000000000000
33.9600 0.00000000000000000000 0.00000000000000000000
33.9800 0.00000000000000000000 0.00000000000000000000
34.0000 0.00000000000000000000 0.00000000000000000000
34.0200 0.00000000000000000000 0.00000000000000000000
34.0400 0.00000000000000000000 0.00000000000000000000
34.0600 0.00000000000000000000 0.00000000000000000000
34.0800 0.00000000000000000000 0.00000000000000000000
34.1000 0.00000000000000000000 0.00000000000000000000
34.1200 0.00000000000000000000 0.00000000000000000000
34.1400 0.00000000000000000000 0.00000000000000000000
34.1600 0.00000000000000000000 0.00000000000000000000
34.1800 0.00000000000000000000 0.00000000000000000000
34.2000 0.00000000000000000000 0.00000000000000000000
34.2200 0.00000000000000000000 0.00000000000000000000
34.2400 0.00000000000000000000 0.00000000000000000000
34.2600 0.00000000000000000000 0.00000000000000000000
34.2800 0.00000000000000000000 0.00000000000000000000
34.3000 0.00000000000000000000 0.00000000000000000000
34.3200 0.00000000000000000000 0.00000000000000000000
34.3400 0.00000000000000000000 0.00000000000000000000
34.3600 0.00000000000000000000 0.00000000000000000000
34.3800 0.00000000000000000000 0.00000000000000000000
34.4000 0.00000000000000000000 0.00000000000000000000
34.4200 0.00000000000000000000 0.00000000000000000000
34.4400 0.00000000000000000000 0.00000000000000000000
34.4600 0.00000000000000000000 0.00000000000000000000
34.4800 0.00000000000000000000 0.00000000000000000000
34.5000 0.00000000000000000000 0.00000000000000000000
34.5200 0.00000000000000000000 0.00000000000000000000
34.5400 0.00000000000000000000 0.00000000000000000000
34.5600 0.00000000000000000000 0.00000000000000000000
34.5800 0.00000000000000000000 0.00000000000000000000
34.6000 0.00000000000000000000 0.00000000000000000000
34.6200 0.00000000000000000000 0.00000000000000000000
34.6400 0.00000000000000000000 0.00000000000000000000
34.6600 0.00000000000000000000 0.00000000000000000000
34.6800 0.00000000000000000000 0.00000000000000000000
34.7000 0.00000000000000000000 0.00000000000000000000
34.7200 0.00000000000000000000 0.00000000000000000000
34.7400 0.00000000000000000000 0.00000000000000000000
34.7600 0.00000000000000000000 0.00000000000000000000
34.7800 0.00000000000000000000 0.00000000000000000000
34.8000 0.00000000000000000000 0.00000000000000000000
34.8200 0.00000000000000000000 0.00000000000000000000
34.8400 0.00000000000000000000 0.00000000000000000000
34.8600 0.00000000000000000000 0.00000000000000000000
34.8800 0.00000000000000000000 0.00000000000000000000
34.9000 0.00000000000000000000 0.00000000000000000000
34.9200 0.00000000000000000000 0.00000000000000000000
34.9400 0.00000000000000000000 0.00000000000000000000
34.9600 0.00000000000000000000 0.00000000000000000000
34.9800 0.00000000000000000000 0.00000000000000000000
35.0000 0.00000000000000000000 0.00000000000000000000
35.0200 0.00000000000000000000 0.00000000000000000000
